{"/Users/bryan/Dev/percytech/backend/src/app.controller.ts": {"path":"/Users/bryan/Dev/percytech/backend/src/app.controller.ts","statementMap":{"0":{"start":{"line":1,"column":0},"end":{"line":1,"column":49}},"1":{"start":{"line":2,"column":0},"end":{"line":2,"column":43}},"2":{"start":{"line":5,"column":7},"end":{"line":12,"column":null}},"3":{"start":{"line":6,"column":31},"end":{"line":6,"column":43}},"4":{"start":{"line":10,"column":4},"end":{"line":10,"column":38}},"5":{"start":{"line":8,"column":2},"end":{"line":11,"column":null}},"6":{"start":{"line":5,"column":13},"end":{"line":12,"column":null}},"7":{"start":{"line":5,"column":13},"end":{"line":5,"column":26}}},"fnMap":{"0":{"name":"(anonymous_2)","decl":{"start":{"line":6,"column":2},"end":{"line":6,"column":31}},"loc":{"start":{"line":6,"column":53},"end":{"line":6,"column":57}}},"1":{"name":"(anonymous_3)","decl":{"start":{"line":9,"column":2},"end":{"line":9,"column":10}},"loc":{"start":{"line":9,"column":10},"end":{"line":11,"column":3}}}},"branchMap":{},"s":{"0":1,"1":1,"2":1,"3":1,"4":1,"5":1,"6":1,"7":1},"f":{"0":1,"1":1},"b":{}}
,"/Users/bryan/Dev/percytech/backend/src/app.module.ts": {"path":"/Users/bryan/Dev/percytech/backend/src/app.module.ts","statementMap":{"0":{"start":{"line":1,"column":0},"end":{"line":1,"column":40}},"1":{"start":{"line":2,"column":0},"end":{"line":2,"column":46}},"2":{"start":{"line":3,"column":0},"end":{"line":3,"column":49}},"3":{"start":{"line":4,"column":0},"end":{"line":4,"column":43}},"4":{"start":{"line":7,"column":0},"end":{"line":7,"column":62}},"5":{"start":{"line":8,"column":0},"end":{"line":8,"column":59}},"6":{"start":{"line":9,"column":0},"end":{"line":9,"column":54}},"7":{"start":{"line":10,"column":0},"end":{"line":10,"column":56}},"8":{"start":{"line":11,"column":0},"end":{"line":11,"column":62}},"9":{"start":{"line":12,"column":0},"end":{"line":12,"column":60}},"10":{"start":{"line":13,"column":0},"end":{"line":13,"column":54}},"11":{"start":{"line":16,"column":0},"end":{"line":16,"column":63}},"12":{"start":{"line":17,"column":0},"end":{"line":17,"column":65}},"13":{"start":{"line":18,"column":0},"end":{"line":18,"column":71}},"14":{"start":{"line":19,"column":0},"end":{"line":19,"column":63}},"15":{"start":{"line":46,"column":7},"end":{"line":46,"column":null}},"16":{"start":{"line":46,"column":13},"end":{"line":46,"column":null}},"17":{"start":{"line":46,"column":13},"end":{"line":46,"column":22}}},"fnMap":{},"branchMap":{},"s":{"0":0,"1":0,"2":0,"3":0,"4":0,"5":0,"6":0,"7":0,"8":0,"9":0,"10":0,"11":0,"12":0,"13":0,"14":0,"15":0,"16":0,"17":0},"f":{},"b":{}}
,"/Users/bryan/Dev/percytech/backend/src/app.service.ts": {"path":"/Users/bryan/Dev/percytech/backend/src/app.service.ts","statementMap":{"0":{"start":{"line":1,"column":0},"end":{"line":1,"column":44}},"1":{"start":{"line":4,"column":7},"end":{"line":8,"column":null}},"2":{"start":{"line":6,"column":4},"end":{"line":6,"column":26}},"3":{"start":{"line":4,"column":13},"end":{"line":8,"column":null}},"4":{"start":{"line":4,"column":13},"end":{"line":4,"column":23}}},"fnMap":{"0":{"name":"(anonymous_1)","decl":{"start":{"line":5,"column":2},"end":{"line":5,"column":10}},"loc":{"start":{"line":5,"column":10},"end":{"line":7,"column":3}}}},"branchMap":{},"s":{"0":1,"1":1,"2":1,"3":1,"4":1},"f":{"0":1},"b":{}}
,"/Users/bryan/Dev/percytech/backend/src/main.ts": {"path":"/Users/bryan/Dev/percytech/backend/src/main.ts","statementMap":{"0":{"start":{"line":1,"column":0},"end":{"line":1,"column":43}},"1":{"start":{"line":2,"column":0},"end":{"line":2,"column":41}},"2":{"start":{"line":3,"column":0},"end":{"line":3,"column":48}},"3":{"start":{"line":6,"column":14},"end":{"line":6,"column":49}},"4":{"start":{"line":9,"column":2},"end":{"line":12,"column":5}},"5":{"start":{"line":15,"column":2},"end":{"line":21,"column":4}},"6":{"start":{"line":24,"column":2},"end":{"line":24,"column":29}},"7":{"start":{"line":26,"column":15},"end":{"line":26,"column":39}},"8":{"start":{"line":27,"column":2},"end":{"line":27,"column":25}},"9":{"start":{"line":29,"column":2},"end":{"line":29,"column":63}},"10":{"start":{"line":30,"column":2},"end":{"line":32,"column":4}},"11":{"start":{"line":34,"column":0},"end":{"line":34,"column":12}}},"fnMap":{"0":{"name":"bootstrap","decl":{"start":{"line":5,"column":15},"end":{"line":5,"column":24}},"loc":{"start":{"line":5,"column":24},"end":{"line":33,"column":1}}}},"branchMap":{"0":{"loc":{"start":{"line":10,"column":12},"end":{"line":10,"column":62}},"type":"binary-expr","locations":[{"start":{"line":10,"column":12},"end":{"line":10,"column":35}},{"start":{"line":10,"column":39},"end":{"line":10,"column":62}}]},"1":{"loc":{"start":{"line":26,"column":15},"end":{"line":26,"column":39}},"type":"binary-expr","locations":[{"start":{"line":26,"column":15},"end":{"line":26,"column":31}},{"start":{"line":26,"column":35},"end":{"line":26,"column":39}}]},"2":{"loc":{"start":{"line":31,"column":28},"end":{"line":31,"column":78}},"type":"binary-expr","locations":[{"start":{"line":31,"column":28},"end":{"line":31,"column":51}},{"start":{"line":31,"column":55},"end":{"line":31,"column":78}}]}},"s":{"0":0,"1":0,"2":0,"3":0,"4":0,"5":0,"6":0,"7":0,"8":0,"9":0,"10":0,"11":0},"f":{"0":0},"b":{"0":[0,0],"1":[0,0],"2":[0,0]}}
,"/Users/bryan/Dev/percytech/backend/src/controllers/brand.controller.ts": {"path":"/Users/bryan/Dev/percytech/backend/src/controllers/brand.controller.ts","statementMap":{"0":{"start":{"line":1,"column":0},"end":{"line":1,"column":null}},"1":{"start":{"line":13,"column":0},"end":{"line":13,"column":57}},"2":{"start":{"line":14,"column":0},"end":{"line":14,"column":49}},"3":{"start":{"line":17,"column":7},"end":{"line":80,"column":null}},"4":{"start":{"line":18,"column":31},"end":{"line":18,"column":45}},"5":{"start":{"line":23,"column":4},"end":{"line":23,"column":52}},"6":{"start":{"line":28,"column":4},"end":{"line":28,"column":44}},"7":{"start":{"line":33,"column":4},"end":{"line":33,"column":56}},"8":{"start":{"line":38,"column":4},"end":{"line":38,"column":47}},"9":{"start":{"line":46,"column":4},"end":{"line":46,"column":57}},"10":{"start":{"line":54,"column":4},"end":{"line":54,"column":59}},"11":{"start":{"line":60,"column":4},"end":{"line":60,"column":45}},"12":{"start":{"line":68,"column":23},"end":{"line":68,"column":41}},"13":{"start":{"line":69,"column":4},"end":{"line":69,"column":62}},"14":{"start":{"line":77,"column":23},"end":{"line":77,"column":41}},"15":{"start":{"line":78,"column":4},"end":{"line":78,"column":63}},"16":{"start":{"line":22,"column":8},"end":{"line":24,"column":null}},"17":{"start":{"line":27,"column":8},"end":{"line":29,"column":null}},"18":{"start":{"line":32,"column":8},"end":{"line":34,"column":null}},"19":{"start":{"line":37,"column":8},"end":{"line":39,"column":null}},"20":{"start":{"line":42,"column":8},"end":{"line":47,"column":null}},"21":{"start":{"line":50,"column":8},"end":{"line":55,"column":null}},"22":{"start":{"line":59,"column":8},"end":{"line":61,"column":null}},"23":{"start":{"line":64,"column":8},"end":{"line":70,"column":null}},"24":{"start":{"line":73,"column":8},"end":{"line":79,"column":null}},"25":{"start":{"line":17,"column":13},"end":{"line":80,"column":null}},"26":{"start":{"line":17,"column":13},"end":{"line":17,"column":28}}},"fnMap":{"0":{"name":"(anonymous_4)","decl":{"start":{"line":18,"column":2},"end":{"line":18,"column":31}},"loc":{"start":{"line":18,"column":57},"end":{"line":18,"column":61}}},"1":{"name":"(anonymous_5)","decl":{"start":{"line":22,"column":2},"end":{"line":22,"column":7}},"loc":{"start":{"line":22,"column":53},"end":{"line":24,"column":3}}},"2":{"name":"(anonymous_6)","decl":{"start":{"line":27,"column":2},"end":{"line":27,"column":7}},"loc":{"start":{"line":27,"column":20},"end":{"line":29,"column":3}}},"3":{"name":"(anonymous_7)","decl":{"start":{"line":32,"column":2},"end":{"line":32,"column":7}},"loc":{"start":{"line":32,"column":57},"end":{"line":34,"column":3}}},"4":{"name":"(anonymous_8)","decl":{"start":{"line":37,"column":2},"end":{"line":37,"column":7}},"loc":{"start":{"line":37,"column":44},"end":{"line":39,"column":3}}},"5":{"name":"(anonymous_9)","decl":{"start":{"line":42,"column":2},"end":{"line":42,"column":7}},"loc":{"start":{"line":44,"column":38},"end":{"line":47,"column":3}}},"6":{"name":"(anonymous_10)","decl":{"start":{"line":50,"column":2},"end":{"line":50,"column":7}},"loc":{"start":{"line":52,"column":39},"end":{"line":55,"column":3}}},"7":{"name":"(anonymous_11)","decl":{"start":{"line":59,"column":2},"end":{"line":59,"column":7}},"loc":{"start":{"line":59,"column":43},"end":{"line":61,"column":3}}},"8":{"name":"(anonymous_12)","decl":{"start":{"line":64,"column":2},"end":{"line":64,"column":7}},"loc":{"start":{"line":66,"column":46},"end":{"line":70,"column":3}}},"9":{"name":"(anonymous_13)","decl":{"start":{"line":73,"column":2},"end":{"line":73,"column":7}},"loc":{"start":{"line":75,"column":46},"end":{"line":79,"column":3}}}},"branchMap":{"0":{"loc":{"start":{"line":66,"column":22},"end":{"line":66,"column":46}},"type":"default-arg","locations":[{"start":{"line":66,"column":40},"end":{"line":66,"column":46}}]},"1":{"loc":{"start":{"line":75,"column":22},"end":{"line":75,"column":46}},"type":"default-arg","locations":[{"start":{"line":75,"column":40},"end":{"line":75,"column":46}}]}},"s":{"0":0,"1":0,"2":0,"3":0,"4":0,"5":0,"6":0,"7":0,"8":0,"9":0,"10":0,"11":0,"12":0,"13":0,"14":0,"15":0,"16":0,"17":0,"18":0,"19":0,"20":0,"21":0,"22":0,"23":0,"24":0,"25":0,"26":0},"f":{"0":0,"1":0,"2":0,"3":0,"4":0,"5":0,"6":0,"7":0,"8":0,"9":0},"b":{"0":[0],"1":[0]}}
,"/Users/bryan/Dev/percytech/backend/src/controllers/campaign.controller.ts": {"path":"/Users/bryan/Dev/percytech/backend/src/controllers/campaign.controller.ts","statementMap":{"0":{"start":{"line":1,"column":0},"end":{"line":1,"column":null}},"1":{"start":{"line":13,"column":0},"end":{"line":13,"column":63}},"2":{"start":{"line":14,"column":0},"end":{"line":14,"column":55}},"3":{"start":{"line":17,"column":7},"end":{"line":91,"column":null}},"4":{"start":{"line":18,"column":31},"end":{"line":18,"column":48}},"5":{"start":{"line":25,"column":4},"end":{"line":25,"column":61}},"6":{"start":{"line":30,"column":4},"end":{"line":30,"column":50}},"7":{"start":{"line":37,"column":4},"end":{"line":37,"column":62}},"8":{"start":{"line":44,"column":4},"end":{"line":44,"column":64}},"9":{"start":{"line":49,"column":4},"end":{"line":49,"column":53}},"10":{"start":{"line":57,"column":4},"end":{"line":57,"column":63}},"11":{"start":{"line":65,"column":4},"end":{"line":65,"column":65}},"12":{"start":{"line":71,"column":4},"end":{"line":71,"column":51}},"13":{"start":{"line":79,"column":23},"end":{"line":79,"column":41}},"14":{"start":{"line":80,"column":4},"end":{"line":80,"column":68}},"15":{"start":{"line":88,"column":23},"end":{"line":88,"column":41}},"16":{"start":{"line":89,"column":4},"end":{"line":89,"column":69}},"17":{"start":{"line":22,"column":8},"end":{"line":26,"column":null}},"18":{"start":{"line":29,"column":8},"end":{"line":31,"column":null}},"19":{"start":{"line":34,"column":8},"end":{"line":38,"column":null}},"20":{"start":{"line":41,"column":8},"end":{"line":45,"column":null}},"21":{"start":{"line":48,"column":8},"end":{"line":50,"column":null}},"22":{"start":{"line":53,"column":8},"end":{"line":58,"column":null}},"23":{"start":{"line":61,"column":8},"end":{"line":66,"column":null}},"24":{"start":{"line":70,"column":8},"end":{"line":72,"column":null}},"25":{"start":{"line":75,"column":8},"end":{"line":81,"column":null}},"26":{"start":{"line":84,"column":8},"end":{"line":90,"column":null}},"27":{"start":{"line":17,"column":13},"end":{"line":91,"column":null}},"28":{"start":{"line":17,"column":13},"end":{"line":17,"column":31}}},"fnMap":{"0":{"name":"(anonymous_4)","decl":{"start":{"line":18,"column":2},"end":{"line":18,"column":31}},"loc":{"start":{"line":18,"column":63},"end":{"line":18,"column":67}}},"1":{"name":"(anonymous_5)","decl":{"start":{"line":22,"column":2},"end":{"line":22,"column":7}},"loc":{"start":{"line":23,"column":43},"end":{"line":26,"column":3}}},"2":{"name":"(anonymous_6)","decl":{"start":{"line":29,"column":2},"end":{"line":29,"column":7}},"loc":{"start":{"line":29,"column":23},"end":{"line":31,"column":3}}},"3":{"name":"(anonymous_7)","decl":{"start":{"line":34,"column":2},"end":{"line":34,"column":7}},"loc":{"start":{"line":35,"column":35},"end":{"line":38,"column":3}}},"4":{"name":"(anonymous_8)","decl":{"start":{"line":41,"column":2},"end":{"line":41,"column":7}},"loc":{"start":{"line":42,"column":37},"end":{"line":45,"column":3}}},"5":{"name":"(anonymous_9)","decl":{"start":{"line":48,"column":2},"end":{"line":48,"column":7}},"loc":{"start":{"line":48,"column":47},"end":{"line":50,"column":3}}},"6":{"name":"(anonymous_10)","decl":{"start":{"line":53,"column":2},"end":{"line":53,"column":7}},"loc":{"start":{"line":55,"column":41},"end":{"line":58,"column":3}}},"7":{"name":"(anonymous_11)","decl":{"start":{"line":61,"column":2},"end":{"line":61,"column":7}},"loc":{"start":{"line":63,"column":42},"end":{"line":66,"column":3}}},"8":{"name":"(anonymous_12)","decl":{"start":{"line":70,"column":2},"end":{"line":70,"column":7}},"loc":{"start":{"line":70,"column":46},"end":{"line":72,"column":3}}},"9":{"name":"(anonymous_13)","decl":{"start":{"line":75,"column":2},"end":{"line":75,"column":7}},"loc":{"start":{"line":77,"column":46},"end":{"line":81,"column":3}}},"10":{"name":"(anonymous_14)","decl":{"start":{"line":84,"column":2},"end":{"line":84,"column":7}},"loc":{"start":{"line":86,"column":46},"end":{"line":90,"column":3}}}},"branchMap":{"0":{"loc":{"start":{"line":77,"column":22},"end":{"line":77,"column":46}},"type":"default-arg","locations":[{"start":{"line":77,"column":40},"end":{"line":77,"column":46}}]},"1":{"loc":{"start":{"line":86,"column":22},"end":{"line":86,"column":46}},"type":"default-arg","locations":[{"start":{"line":86,"column":40},"end":{"line":86,"column":46}}]}},"s":{"0":0,"1":0,"2":0,"3":0,"4":0,"5":0,"6":0,"7":0,"8":0,"9":0,"10":0,"11":0,"12":0,"13":0,"14":0,"15":0,"16":0,"17":0,"18":0,"19":0,"20":0,"21":0,"22":0,"23":0,"24":0,"25":0,"26":0,"27":0,"28":0},"f":{"0":0,"1":0,"2":0,"3":0,"4":0,"5":0,"6":0,"7":0,"8":0,"9":0,"10":0},"b":{"0":[0],"1":[0]}}
,"/Users/bryan/Dev/percytech/backend/src/controllers/index.ts": {"path":"/Users/bryan/Dev/percytech/backend/src/controllers/index.ts","statementMap":{"0":{"start":{"line":1,"column":0},"end":{"line":1,"column":34}},"1":{"start":{"line":2,"column":0},"end":{"line":2,"column":35}},"2":{"start":{"line":3,"column":0},"end":{"line":3,"column":38}},"3":{"start":{"line":4,"column":0},"end":{"line":4,"column":34}}},"fnMap":{},"branchMap":{},"s":{"0":0,"1":0,"2":0,"3":0},"f":{},"b":{}}
,"/Users/bryan/Dev/percytech/backend/src/controllers/lead.controller.ts": {"path":"/Users/bryan/Dev/percytech/backend/src/controllers/lead.controller.ts","statementMap":{"0":{"start":{"line":1,"column":0},"end":{"line":1,"column":null}},"1":{"start":{"line":11,"column":0},"end":{"line":11,"column":null}},"2":{"start":{"line":16,"column":0},"end":{"line":16,"column":67}},"3":{"start":{"line":19,"column":7},"end":{"line":143,"column":null}},"4":{"start":{"line":20,"column":31},"end":{"line":20,"column":44}},"5":{"start":{"line":27,"column":4},"end":{"line":27,"column":54}},"6":{"start":{"line":38,"column":4},"end":{"line":41,"column":7}},"7":{"start":{"line":49,"column":4},"end":{"line":49,"column":44}},"8":{"start":{"line":57,"column":4},"end":{"line":57,"column":50}},"9":{"start":{"line":65,"column":4},"end":{"line":65,"column":54}},"10":{"start":{"line":78,"column":4},"end":{"line":83,"column":7}},"11":{"start":{"line":91,"column":4},"end":{"line":91,"column":47}},"12":{"start":{"line":102,"column":4},"end":{"line":102,"column":57}},"13":{"start":{"line":113,"column":4},"end":{"line":113,"column":61}},"14":{"start":{"line":124,"column":4},"end":{"line":124,"column":55}},"15":{"start":{"line":134,"column":4},"end":{"line":141,"column":6}},"16":{"start":{"line":26,"column":8},"end":{"line":28,"column":null}},"17":{"start":{"line":34,"column":8},"end":{"line":42,"column":null}},"18":{"start":{"line":48,"column":8},"end":{"line":50,"column":null}},"19":{"start":{"line":56,"column":8},"end":{"line":58,"column":null}},"20":{"start":{"line":64,"column":8},"end":{"line":66,"column":null}},"21":{"start":{"line":72,"column":8},"end":{"line":84,"column":null}},"22":{"start":{"line":90,"column":8},"end":{"line":92,"column":null}},"23":{"start":{"line":98,"column":8},"end":{"line":103,"column":null}},"24":{"start":{"line":109,"column":8},"end":{"line":114,"column":null}},"25":{"start":{"line":120,"column":8},"end":{"line":125,"column":null}},"26":{"start":{"line":131,"column":8},"end":{"line":142,"column":null}},"27":{"start":{"line":19,"column":13},"end":{"line":143,"column":null}},"28":{"start":{"line":19,"column":13},"end":{"line":19,"column":27}}},"fnMap":{"0":{"name":"(anonymous_4)","decl":{"start":{"line":20,"column":2},"end":{"line":20,"column":31}},"loc":{"start":{"line":20,"column":55},"end":{"line":20,"column":59}}},"1":{"name":"(anonymous_5)","decl":{"start":{"line":26,"column":2},"end":{"line":26,"column":7}},"loc":{"start":{"line":26,"column":69},"end":{"line":28,"column":3}}},"2":{"name":"(anonymous_6)","decl":{"start":{"line":34,"column":2},"end":{"line":34,"column":7}},"loc":{"start":{"line":36,"column":66},"end":{"line":42,"column":3}}},"3":{"name":"(anonymous_7)","decl":{"start":{"line":48,"column":2},"end":{"line":48,"column":7}},"loc":{"start":{"line":48,"column":39},"end":{"line":50,"column":3}}},"4":{"name":"(anonymous_8)","decl":{"start":{"line":56,"column":2},"end":{"line":56,"column":7}},"loc":{"start":{"line":56,"column":52},"end":{"line":58,"column":3}}},"5":{"name":"(anonymous_9)","decl":{"start":{"line":64,"column":2},"end":{"line":64,"column":7}},"loc":{"start":{"line":64,"column":53},"end":{"line":66,"column":3}}},"6":{"name":"(anonymous_10)","decl":{"start":{"line":72,"column":2},"end":{"line":72,"column":7}},"loc":{"start":{"line":76,"column":38},"end":{"line":84,"column":3}}},"7":{"name":"(anonymous_11)","decl":{"start":{"line":90,"column":2},"end":{"line":90,"column":7}},"loc":{"start":{"line":90,"column":49},"end":{"line":92,"column":3}}},"8":{"name":"(anonymous_12)","decl":{"start":{"line":98,"column":2},"end":{"line":98,"column":7}},"loc":{"start":{"line":100,"column":38},"end":{"line":103,"column":3}}},"9":{"name":"(anonymous_13)","decl":{"start":{"line":109,"column":2},"end":{"line":109,"column":7}},"loc":{"start":{"line":111,"column":44},"end":{"line":114,"column":3}}},"10":{"name":"(anonymous_14)","decl":{"start":{"line":120,"column":2},"end":{"line":120,"column":7}},"loc":{"start":{"line":122,"column":42},"end":{"line":125,"column":3}}},"11":{"name":"(anonymous_15)","decl":{"start":{"line":131,"column":2},"end":{"line":131,"column":7}},"loc":{"start":{"line":131,"column":20},"end":{"line":142,"column":3}}}},"branchMap":{},"s":{"0":0,"1":0,"2":0,"3":0,"4":0,"5":0,"6":0,"7":0,"8":0,"9":0,"10":0,"11":0,"12":0,"13":0,"14":0,"15":0,"16":0,"17":0,"18":0,"19":0,"20":0,"21":0,"22":0,"23":0,"24":0,"25":0,"26":0,"27":0,"28":0},"f":{"0":0,"1":0,"2":0,"3":0,"4":0,"5":0,"6":0,"7":0,"8":0,"9":0,"10":0,"11":0},"b":{}}
,"/Users/bryan/Dev/percytech/backend/src/controllers/user.controller.ts": {"path":"/Users/bryan/Dev/percytech/backend/src/controllers/user.controller.ts","statementMap":{"0":{"start":{"line":1,"column":0},"end":{"line":1,"column":null}},"1":{"start":{"line":13,"column":0},"end":{"line":13,"column":55}},"2":{"start":{"line":14,"column":0},"end":{"line":14,"column":47}},"3":{"start":{"line":17,"column":7},"end":{"line":74,"column":null}},"4":{"start":{"line":18,"column":31},"end":{"line":18,"column":44}},"5":{"start":{"line":23,"column":4},"end":{"line":23,"column":49}},"6":{"start":{"line":28,"column":4},"end":{"line":28,"column":42}},"7":{"start":{"line":33,"column":4},"end":{"line":33,"column":47}},"8":{"start":{"line":38,"column":4},"end":{"line":38,"column":45}},"9":{"start":{"line":43,"column":4},"end":{"line":43,"column":51}},"10":{"start":{"line":50,"column":4},"end":{"line":50,"column":58}},"11":{"start":{"line":58,"column":4},"end":{"line":58,"column":55}},"12":{"start":{"line":66,"column":4},"end":{"line":66,"column":57}},"13":{"start":{"line":72,"column":4},"end":{"line":72,"column":43}},"14":{"start":{"line":22,"column":8},"end":{"line":24,"column":null}},"15":{"start":{"line":27,"column":8},"end":{"line":29,"column":null}},"16":{"start":{"line":32,"column":8},"end":{"line":34,"column":null}},"17":{"start":{"line":37,"column":8},"end":{"line":39,"column":null}},"18":{"start":{"line":42,"column":8},"end":{"line":44,"column":null}},"19":{"start":{"line":47,"column":8},"end":{"line":51,"column":null}},"20":{"start":{"line":54,"column":8},"end":{"line":59,"column":null}},"21":{"start":{"line":62,"column":8},"end":{"line":67,"column":null}},"22":{"start":{"line":71,"column":8},"end":{"line":73,"column":null}},"23":{"start":{"line":17,"column":13},"end":{"line":74,"column":null}},"24":{"start":{"line":17,"column":13},"end":{"line":17,"column":27}}},"fnMap":{"0":{"name":"(anonymous_4)","decl":{"start":{"line":18,"column":2},"end":{"line":18,"column":31}},"loc":{"start":{"line":18,"column":55},"end":{"line":18,"column":59}}},"1":{"name":"(anonymous_5)","decl":{"start":{"line":22,"column":2},"end":{"line":22,"column":7}},"loc":{"start":{"line":22,"column":50},"end":{"line":24,"column":3}}},"2":{"name":"(anonymous_6)","decl":{"start":{"line":27,"column":2},"end":{"line":27,"column":7}},"loc":{"start":{"line":27,"column":19},"end":{"line":29,"column":3}}},"3":{"name":"(anonymous_7)","decl":{"start":{"line":32,"column":2},"end":{"line":32,"column":7}},"loc":{"start":{"line":32,"column":45},"end":{"line":34,"column":3}}},"4":{"name":"(anonymous_8)","decl":{"start":{"line":37,"column":2},"end":{"line":37,"column":7}},"loc":{"start":{"line":37,"column":43},"end":{"line":39,"column":3}}},"5":{"name":"(anonymous_9)","decl":{"start":{"line":42,"column":2},"end":{"line":42,"column":7}},"loc":{"start":{"line":42,"column":52},"end":{"line":44,"column":3}}},"6":{"name":"(anonymous_10)","decl":{"start":{"line":47,"column":2},"end":{"line":47,"column":7}},"loc":{"start":{"line":48,"column":33},"end":{"line":51,"column":3}}},"7":{"name":"(anonymous_11)","decl":{"start":{"line":54,"column":2},"end":{"line":54,"column":7}},"loc":{"start":{"line":56,"column":37},"end":{"line":59,"column":3}}},"8":{"name":"(anonymous_12)","decl":{"start":{"line":62,"column":2},"end":{"line":62,"column":7}},"loc":{"start":{"line":64,"column":38},"end":{"line":67,"column":3}}},"9":{"name":"(anonymous_13)","decl":{"start":{"line":71,"column":2},"end":{"line":71,"column":7}},"loc":{"start":{"line":71,"column":42},"end":{"line":73,"column":3}}}},"branchMap":{},"s":{"0":0,"1":0,"2":0,"3":0,"4":0,"5":0,"6":0,"7":0,"8":0,"9":0,"10":0,"11":0,"12":0,"13":0,"14":0,"15":0,"16":0,"17":0,"18":0,"19":0,"20":0,"21":0,"22":0,"23":0,"24":0},"f":{"0":0,"1":0,"2":0,"3":0,"4":0,"5":0,"6":0,"7":0,"8":0,"9":0},"b":{}}
,"/Users/bryan/Dev/percytech/backend/src/entities/brand.entity.ts": {"path":"/Users/bryan/Dev/percytech/backend/src/entities/brand.entity.ts","statementMap":{"0":{"start":{"line":1,"column":0},"end":{"line":1,"column":70}},"1":{"start":{"line":3,"column":0},"end":{"line":3,"column":null}},"2":{"start":{"line":4,"column":2},"end":{"line":4,"column":null}},"3":{"start":{"line":5,"column":2},"end":{"line":5,"column":null}},"4":{"start":{"line":6,"column":2},"end":{"line":6,"column":null}},"5":{"start":{"line":7,"column":2},"end":{"line":7,"column":null}},"6":{"start":{"line":8,"column":2},"end":{"line":8,"column":null}},"7":{"start":{"line":11,"column":0},"end":{"line":11,"column":null}},"8":{"start":{"line":12,"column":2},"end":{"line":12,"column":null}},"9":{"start":{"line":13,"column":2},"end":{"line":13,"column":null}},"10":{"start":{"line":14,"column":2},"end":{"line":14,"column":null}},"11":{"start":{"line":15,"column":2},"end":{"line":15,"column":null}},"12":{"start":{"line":16,"column":2},"end":{"line":16,"column":null}},"13":{"start":{"line":17,"column":2},"end":{"line":17,"column":null}},"14":{"start":{"line":18,"column":2},"end":{"line":18,"column":null}},"15":{"start":{"line":19,"column":2},"end":{"line":19,"column":null}},"16":{"start":{"line":20,"column":2},"end":{"line":20,"column":null}},"17":{"start":{"line":21,"column":2},"end":{"line":21,"column":null}},"18":{"start":{"line":22,"column":2},"end":{"line":22,"column":null}},"19":{"start":{"line":23,"column":2},"end":{"line":23,"column":null}},"20":{"start":{"line":24,"column":2},"end":{"line":24,"column":null}},"21":{"start":{"line":25,"column":2},"end":{"line":25,"column":null}},"22":{"start":{"line":26,"column":2},"end":{"line":26,"column":null}},"23":{"start":{"line":27,"column":2},"end":{"line":27,"column":null}},"24":{"start":{"line":28,"column":2},"end":{"line":28,"column":null}},"25":{"start":{"line":29,"column":2},"end":{"line":29,"column":null}},"26":{"start":{"line":30,"column":2},"end":{"line":30,"column":null}},"27":{"start":{"line":31,"column":2},"end":{"line":31,"column":null}},"28":{"start":{"line":32,"column":2},"end":{"line":32,"column":null}},"29":{"start":{"line":33,"column":2},"end":{"line":33,"column":null}},"30":{"start":{"line":34,"column":2},"end":{"line":34,"column":null}},"31":{"start":{"line":35,"column":2},"end":{"line":35,"column":null}},"32":{"start":{"line":36,"column":2},"end":{"line":36,"column":null}},"33":{"start":{"line":37,"column":2},"end":{"line":37,"column":null}},"34":{"start":{"line":38,"column":2},"end":{"line":38,"column":null}},"35":{"start":{"line":39,"column":2},"end":{"line":39,"column":null}},"36":{"start":{"line":42,"column":0},"end":{"line":42,"column":null}},"37":{"start":{"line":43,"column":2},"end":{"line":43,"column":null}},"38":{"start":{"line":44,"column":2},"end":{"line":44,"column":null}},"39":{"start":{"line":45,"column":2},"end":{"line":45,"column":null}},"40":{"start":{"line":46,"column":2},"end":{"line":46,"column":null}},"41":{"start":{"line":50,"column":2},"end":{"line":51,"column":null}},"42":{"start":{"line":53,"column":2},"end":{"line":54,"column":null}},"43":{"start":{"line":56,"column":2},"end":{"line":57,"column":null}},"44":{"start":{"line":59,"column":2},"end":{"line":60,"column":null}},"45":{"start":{"line":62,"column":2},"end":{"line":63,"column":null}},"46":{"start":{"line":65,"column":2},"end":{"line":66,"column":null}},"47":{"start":{"line":68,"column":2},"end":{"line":69,"column":null}},"48":{"start":{"line":71,"column":2},"end":{"line":72,"column":null}},"49":{"start":{"line":74,"column":2},"end":{"line":75,"column":null}},"50":{"start":{"line":77,"column":2},"end":{"line":78,"column":null}},"51":{"start":{"line":80,"column":2},"end":{"line":82,"column":null}},"52":{"start":{"line":84,"column":2},"end":{"line":85,"column":null}},"53":{"start":{"line":87,"column":2},"end":{"line":88,"column":null}},"54":{"start":{"line":90,"column":2},"end":{"line":91,"column":null}},"55":{"start":{"line":93,"column":2},"end":{"line":94,"column":null}},"56":{"start":{"line":96,"column":2},"end":{"line":98,"column":null}},"57":{"start":{"line":100,"column":2},"end":{"line":102,"column":null}},"58":{"start":{"line":104,"column":2},"end":{"line":106,"column":null}},"59":{"start":{"line":108,"column":2},"end":{"line":110,"column":null}},"60":{"start":{"line":112,"column":2},"end":{"line":114,"column":null}},"61":{"start":{"line":116,"column":2},"end":{"line":117,"column":null}},"62":{"start":{"line":119,"column":2},"end":{"line":120,"column":null}},"63":{"start":{"line":122,"column":2},"end":{"line":123,"column":null}},"64":{"start":{"line":49,"column":0},"end":{"line":49,"column":13}}},"fnMap":{"0":{"name":"(anonymous_2)","decl":{"start":{"line":3,"column":0},"end":{"line":3,"column":12}},"loc":{"start":{"line":3,"column":22},"end":{"line":9,"column":1}}},"1":{"name":"(anonymous_3)","decl":{"start":{"line":11,"column":0},"end":{"line":11,"column":12}},"loc":{"start":{"line":11,"column":20},"end":{"line":40,"column":1}}},"2":{"name":"(anonymous_4)","decl":{"start":{"line":42,"column":0},"end":{"line":42,"column":12}},"loc":{"start":{"line":42,"column":23},"end":{"line":47,"column":1}}}},"branchMap":{"0":{"loc":{"start":{"line":3,"column":12},"end":{"line":3,"column":null}},"type":"binary-expr","locations":[{"start":{"line":3,"column":12},"end":{"line":3,"column":22}},{"start":{"line":3,"column":12},"end":{"line":3,"column":null}}]},"1":{"loc":{"start":{"line":11,"column":12},"end":{"line":11,"column":null}},"type":"binary-expr","locations":[{"start":{"line":11,"column":12},"end":{"line":11,"column":20}},{"start":{"line":11,"column":12},"end":{"line":11,"column":null}}]},"2":{"loc":{"start":{"line":42,"column":12},"end":{"line":42,"column":null}},"type":"binary-expr","locations":[{"start":{"line":42,"column":12},"end":{"line":42,"column":23}},{"start":{"line":42,"column":12},"end":{"line":42,"column":null}}]}},"s":{"0":1,"1":1,"2":1,"3":1,"4":1,"5":1,"6":1,"7":1,"8":1,"9":1,"10":1,"11":1,"12":1,"13":1,"14":1,"15":1,"16":1,"17":1,"18":1,"19":1,"20":1,"21":1,"22":1,"23":1,"24":1,"25":1,"26":1,"27":1,"28":1,"29":1,"30":1,"31":1,"32":1,"33":1,"34":1,"35":1,"36":1,"37":1,"38":1,"39":1,"40":1,"41":1,"42":1,"43":1,"44":1,"45":1,"46":1,"47":1,"48":1,"49":1,"50":1,"51":1,"52":1,"53":1,"54":1,"55":1,"56":1,"57":1,"58":1,"59":1,"60":1,"61":1,"62":1,"63":1,"64":1},"f":{"0":1,"1":1,"2":1},"b":{"0":[1,1],"1":[1,1],"2":[1,1]}}
,"/Users/bryan/Dev/percytech/backend/src/entities/campaign.entity.ts": {"path":"/Users/bryan/Dev/percytech/backend/src/entities/campaign.entity.ts","statementMap":{"0":{"start":{"line":1,"column":0},"end":{"line":1,"column":63}},"1":{"start":{"line":3,"column":0},"end":{"line":3,"column":null}},"2":{"start":{"line":4,"column":2},"end":{"line":4,"column":null}},"3":{"start":{"line":5,"column":2},"end":{"line":5,"column":null}},"4":{"start":{"line":6,"column":2},"end":{"line":6,"column":null}},"5":{"start":{"line":7,"column":2},"end":{"line":7,"column":null}},"6":{"start":{"line":8,"column":2},"end":{"line":8,"column":null}},"7":{"start":{"line":12,"column":2},"end":{"line":13,"column":null}},"8":{"start":{"line":15,"column":2},"end":{"line":16,"column":null}},"9":{"start":{"line":18,"column":2},"end":{"line":19,"column":null}},"10":{"start":{"line":21,"column":2},"end":{"line":22,"column":null}},"11":{"start":{"line":24,"column":2},"end":{"line":25,"column":null}},"12":{"start":{"line":27,"column":2},"end":{"line":28,"column":null}},"13":{"start":{"line":30,"column":2},"end":{"line":31,"column":null}},"14":{"start":{"line":33,"column":2},"end":{"line":34,"column":null}},"15":{"start":{"line":36,"column":2},"end":{"line":37,"column":null}},"16":{"start":{"line":39,"column":2},"end":{"line":40,"column":null}},"17":{"start":{"line":42,"column":2},"end":{"line":43,"column":null}},"18":{"start":{"line":45,"column":2},"end":{"line":46,"column":null}},"19":{"start":{"line":48,"column":2},"end":{"line":49,"column":null}},"20":{"start":{"line":11,"column":0},"end":{"line":11,"column":13}}},"fnMap":{"0":{"name":"(anonymous_2)","decl":{"start":{"line":3,"column":0},"end":{"line":3,"column":12}},"loc":{"start":{"line":3,"column":26},"end":{"line":9,"column":1}}}},"branchMap":{"0":{"loc":{"start":{"line":3,"column":12},"end":{"line":3,"column":null}},"type":"binary-expr","locations":[{"start":{"line":3,"column":12},"end":{"line":3,"column":26}},{"start":{"line":3,"column":12},"end":{"line":3,"column":null}}]}},"s":{"0":1,"1":1,"2":1,"3":1,"4":1,"5":1,"6":1,"7":1,"8":1,"9":1,"10":1,"11":1,"12":1,"13":1,"14":1,"15":1,"16":1,"17":1,"18":1,"19":1,"20":1},"f":{"0":1},"b":{"0":[1,1]}}
,"/Users/bryan/Dev/percytech/backend/src/entities/index.ts": {"path":"/Users/bryan/Dev/percytech/backend/src/entities/index.ts","statementMap":{"0":{"start":{"line":1,"column":0},"end":{"line":1,"column":30}},"1":{"start":{"line":2,"column":0},"end":{"line":2,"column":33}},"2":{"start":{"line":3,"column":0},"end":{"line":3,"column":31}},"3":{"start":{"line":4,"column":0},"end":{"line":4,"column":34}},"4":{"start":{"line":5,"column":0},"end":{"line":5,"column":36}},"5":{"start":{"line":6,"column":0},"end":{"line":6,"column":33}},"6":{"start":{"line":7,"column":0},"end":{"line":7,"column":42}},"7":{"start":{"line":8,"column":0},"end":{"line":8,"column":30}},"8":{"start":{"line":9,"column":0},"end":{"line":9,"column":39}}},"fnMap":{},"branchMap":{},"s":{"0":1,"1":1,"2":1,"3":1,"4":1,"5":1,"6":1,"7":1,"8":1},"f":{},"b":{}}
,"/Users/bryan/Dev/percytech/backend/src/entities/lead-activity.entity.ts": {"path":"/Users/bryan/Dev/percytech/backend/src/entities/lead-activity.entity.ts","statementMap":{"0":{"start":{"line":1,"column":0},"end":{"line":1,"column":77}},"1":{"start":{"line":3,"column":0},"end":{"line":3,"column":null}},"2":{"start":{"line":4,"column":2},"end":{"line":4,"column":null}},"3":{"start":{"line":5,"column":2},"end":{"line":5,"column":null}},"4":{"start":{"line":6,"column":2},"end":{"line":6,"column":null}},"5":{"start":{"line":7,"column":2},"end":{"line":7,"column":null}},"6":{"start":{"line":8,"column":2},"end":{"line":8,"column":null}},"7":{"start":{"line":9,"column":2},"end":{"line":9,"column":null}},"8":{"start":{"line":10,"column":2},"end":{"line":10,"column":null}},"9":{"start":{"line":11,"column":2},"end":{"line":11,"column":null}},"10":{"start":{"line":12,"column":2},"end":{"line":12,"column":null}},"11":{"start":{"line":13,"column":2},"end":{"line":13,"column":null}},"12":{"start":{"line":14,"column":2},"end":{"line":14,"column":null}},"13":{"start":{"line":15,"column":2},"end":{"line":15,"column":null}},"14":{"start":{"line":18,"column":0},"end":{"line":18,"column":null}},"15":{"start":{"line":19,"column":2},"end":{"line":19,"column":null}},"16":{"start":{"line":20,"column":2},"end":{"line":20,"column":null}},"17":{"start":{"line":21,"column":2},"end":{"line":21,"column":null}},"18":{"start":{"line":22,"column":2},"end":{"line":22,"column":null}},"19":{"start":{"line":23,"column":2},"end":{"line":23,"column":null}},"20":{"start":{"line":29,"column":2},"end":{"line":30,"column":null}},"21":{"start":{"line":32,"column":2},"end":{"line":33,"column":null}},"22":{"start":{"line":35,"column":2},"end":{"line":36,"column":null}},"23":{"start":{"line":38,"column":2},"end":{"line":39,"column":null}},"24":{"start":{"line":41,"column":2},"end":{"line":43,"column":null}},"25":{"start":{"line":45,"column":2},"end":{"line":47,"column":null}},"26":{"start":{"line":49,"column":2},"end":{"line":51,"column":null}},"27":{"start":{"line":53,"column":2},"end":{"line":55,"column":null}},"28":{"start":{"line":57,"column":2},"end":{"line":59,"column":null}},"29":{"start":{"line":61,"column":2},"end":{"line":63,"column":null}},"30":{"start":{"line":65,"column":2},"end":{"line":67,"column":null}},"31":{"start":{"line":69,"column":2},"end":{"line":71,"column":null}},"32":{"start":{"line":73,"column":2},"end":{"line":74,"column":null}},"33":{"start":{"line":26,"column":0},"end":{"line":26,"column":13}}},"fnMap":{"0":{"name":"(anonymous_2)","decl":{"start":{"line":3,"column":0},"end":{"line":3,"column":12}},"loc":{"start":{"line":3,"column":28},"end":{"line":16,"column":1}}},"1":{"name":"(anonymous_3)","decl":{"start":{"line":18,"column":0},"end":{"line":18,"column":12}},"loc":{"start":{"line":18,"column":30},"end":{"line":24,"column":1}}}},"branchMap":{"0":{"loc":{"start":{"line":3,"column":12},"end":{"line":3,"column":null}},"type":"binary-expr","locations":[{"start":{"line":3,"column":12},"end":{"line":3,"column":28}},{"start":{"line":3,"column":12},"end":{"line":3,"column":null}}]},"1":{"loc":{"start":{"line":18,"column":12},"end":{"line":18,"column":null}},"type":"binary-expr","locations":[{"start":{"line":18,"column":12},"end":{"line":18,"column":30}},{"start":{"line":18,"column":12},"end":{"line":18,"column":null}}]}},"s":{"0":1,"1":1,"2":1,"3":1,"4":1,"5":1,"6":1,"7":1,"8":1,"9":1,"10":1,"11":1,"12":1,"13":1,"14":1,"15":1,"16":1,"17":1,"18":1,"19":1,"20":1,"21":1,"22":1,"23":1,"24":1,"25":1,"26":1,"27":1,"28":1,"29":1,"30":1,"31":1,"32":1,"33":1},"f":{"0":1,"1":1},"b":{"0":[1,1],"1":[1,1]}}
,"/Users/bryan/Dev/percytech/backend/src/entities/lead.entity.ts": {"path":"/Users/bryan/Dev/percytech/backend/src/entities/lead.entity.ts","statementMap":{"0":{"start":{"line":1,"column":0},"end":{"line":1,"column":72}},"1":{"start":{"line":3,"column":0},"end":{"line":3,"column":null}},"2":{"start":{"line":4,"column":2},"end":{"line":4,"column":null}},"3":{"start":{"line":5,"column":2},"end":{"line":5,"column":null}},"4":{"start":{"line":6,"column":2},"end":{"line":6,"column":null}},"5":{"start":{"line":7,"column":2},"end":{"line":7,"column":null}},"6":{"start":{"line":8,"column":2},"end":{"line":8,"column":null}},"7":{"start":{"line":9,"column":2},"end":{"line":9,"column":null}},"8":{"start":{"line":10,"column":2},"end":{"line":10,"column":null}},"9":{"start":{"line":13,"column":0},"end":{"line":13,"column":null}},"10":{"start":{"line":14,"column":2},"end":{"line":14,"column":null}},"11":{"start":{"line":15,"column":2},"end":{"line":15,"column":null}},"12":{"start":{"line":16,"column":2},"end":{"line":16,"column":null}},"13":{"start":{"line":17,"column":2},"end":{"line":17,"column":null}},"14":{"start":{"line":18,"column":2},"end":{"line":18,"column":null}},"15":{"start":{"line":21,"column":0},"end":{"line":21,"column":null}},"16":{"start":{"line":22,"column":2},"end":{"line":22,"column":null}},"17":{"start":{"line":23,"column":2},"end":{"line":23,"column":null}},"18":{"start":{"line":24,"column":2},"end":{"line":24,"column":null}},"19":{"start":{"line":25,"column":2},"end":{"line":25,"column":null}},"20":{"start":{"line":31,"column":2},"end":{"line":32,"column":null}},"21":{"start":{"line":34,"column":2},"end":{"line":35,"column":null}},"22":{"start":{"line":37,"column":2},"end":{"line":38,"column":null}},"23":{"start":{"line":40,"column":2},"end":{"line":42,"column":null}},"24":{"start":{"line":44,"column":2},"end":{"line":46,"column":null}},"25":{"start":{"line":48,"column":2},"end":{"line":50,"column":null}},"26":{"start":{"line":52,"column":2},"end":{"line":54,"column":null}},"27":{"start":{"line":56,"column":2},"end":{"line":58,"column":null}},"28":{"start":{"line":60,"column":2},"end":{"line":62,"column":null}},"29":{"start":{"line":64,"column":2},"end":{"line":66,"column":null}},"30":{"start":{"line":68,"column":2},"end":{"line":70,"column":null}},"31":{"start":{"line":72,"column":2},"end":{"line":73,"column":null}},"32":{"start":{"line":75,"column":2},"end":{"line":76,"column":null}},"33":{"start":{"line":78,"column":2},"end":{"line":79,"column":null}},"34":{"start":{"line":81,"column":2},"end":{"line":83,"column":null}},"35":{"start":{"line":85,"column":2},"end":{"line":87,"column":null}},"36":{"start":{"line":89,"column":2},"end":{"line":91,"column":null}},"37":{"start":{"line":93,"column":2},"end":{"line":95,"column":null}},"38":{"start":{"line":97,"column":2},"end":{"line":99,"column":null}},"39":{"start":{"line":101,"column":2},"end":{"line":103,"column":null}},"40":{"start":{"line":105,"column":2},"end":{"line":107,"column":null}},"41":{"start":{"line":28,"column":0},"end":{"line":28,"column":13}}},"fnMap":{"0":{"name":"(anonymous_2)","decl":{"start":{"line":3,"column":0},"end":{"line":3,"column":12}},"loc":{"start":{"line":3,"column":22},"end":{"line":11,"column":1}}},"1":{"name":"(anonymous_3)","decl":{"start":{"line":13,"column":0},"end":{"line":13,"column":12}},"loc":{"start":{"line":13,"column":22},"end":{"line":19,"column":1}}},"2":{"name":"(anonymous_4)","decl":{"start":{"line":21,"column":0},"end":{"line":21,"column":12}},"loc":{"start":{"line":21,"column":24},"end":{"line":26,"column":1}}}},"branchMap":{"0":{"loc":{"start":{"line":3,"column":12},"end":{"line":3,"column":null}},"type":"binary-expr","locations":[{"start":{"line":3,"column":12},"end":{"line":3,"column":22}},{"start":{"line":3,"column":12},"end":{"line":3,"column":null}}]},"1":{"loc":{"start":{"line":13,"column":12},"end":{"line":13,"column":null}},"type":"binary-expr","locations":[{"start":{"line":13,"column":12},"end":{"line":13,"column":22}},{"start":{"line":13,"column":12},"end":{"line":13,"column":null}}]},"2":{"loc":{"start":{"line":21,"column":12},"end":{"line":21,"column":null}},"type":"binary-expr","locations":[{"start":{"line":21,"column":12},"end":{"line":21,"column":24}},{"start":{"line":21,"column":12},"end":{"line":21,"column":null}}]}},"s":{"0":1,"1":1,"2":1,"3":1,"4":1,"5":1,"6":1,"7":1,"8":1,"9":1,"10":1,"11":1,"12":1,"13":1,"14":1,"15":1,"16":1,"17":1,"18":1,"19":1,"20":1,"21":1,"22":1,"23":1,"24":1,"25":1,"26":1,"27":1,"28":1,"29":1,"30":1,"31":1,"32":1,"33":1,"34":1,"35":1,"36":1,"37":1,"38":1,"39":1,"40":1,"41":1},"f":{"0":1,"1":1,"2":1},"b":{"0":[1,1],"1":[1,1],"2":[1,1]}}
,"/Users/bryan/Dev/percytech/backend/src/entities/onboarding.entity.ts": {"path":"/Users/bryan/Dev/percytech/backend/src/entities/onboarding.entity.ts","statementMap":{"0":{"start":{"line":1,"column":0},"end":{"line":1,"column":74}},"1":{"start":{"line":3,"column":0},"end":{"line":3,"column":null}},"2":{"start":{"line":4,"column":2},"end":{"line":4,"column":null}},"3":{"start":{"line":5,"column":2},"end":{"line":5,"column":null}},"4":{"start":{"line":6,"column":2},"end":{"line":6,"column":null}},"5":{"start":{"line":7,"column":2},"end":{"line":7,"column":null}},"6":{"start":{"line":8,"column":2},"end":{"line":8,"column":null}},"7":{"start":{"line":9,"column":2},"end":{"line":9,"column":null}},"8":{"start":{"line":12,"column":0},"end":{"line":12,"column":null}},"9":{"start":{"line":13,"column":2},"end":{"line":13,"column":null}},"10":{"start":{"line":14,"column":2},"end":{"line":14,"column":null}},"11":{"start":{"line":15,"column":2},"end":{"line":15,"column":null}},"12":{"start":{"line":16,"column":2},"end":{"line":16,"column":null}},"13":{"start":{"line":20,"column":2},"end":{"line":21,"column":null}},"14":{"start":{"line":23,"column":2},"end":{"line":24,"column":null}},"15":{"start":{"line":26,"column":2},"end":{"line":27,"column":null}},"16":{"start":{"line":29,"column":2},"end":{"line":30,"column":null}},"17":{"start":{"line":32,"column":2},"end":{"line":33,"column":null}},"18":{"start":{"line":35,"column":2},"end":{"line":36,"column":null}},"19":{"start":{"line":38,"column":2},"end":{"line":39,"column":null}},"20":{"start":{"line":41,"column":2},"end":{"line":42,"column":null}},"21":{"start":{"line":44,"column":2},"end":{"line":45,"column":null}},"22":{"start":{"line":47,"column":2},"end":{"line":48,"column":null}},"23":{"start":{"line":50,"column":2},"end":{"line":51,"column":null}},"24":{"start":{"line":19,"column":0},"end":{"line":19,"column":13}}},"fnMap":{"0":{"name":"(anonymous_2)","decl":{"start":{"line":3,"column":0},"end":{"line":3,"column":12}},"loc":{"start":{"line":3,"column":26},"end":{"line":10,"column":1}}},"1":{"name":"(anonymous_3)","decl":{"start":{"line":12,"column":0},"end":{"line":12,"column":12}},"loc":{"start":{"line":12,"column":25},"end":{"line":17,"column":1}}}},"branchMap":{"0":{"loc":{"start":{"line":3,"column":12},"end":{"line":3,"column":null}},"type":"binary-expr","locations":[{"start":{"line":3,"column":12},"end":{"line":3,"column":26}},{"start":{"line":3,"column":12},"end":{"line":3,"column":null}}]},"1":{"loc":{"start":{"line":12,"column":12},"end":{"line":12,"column":null}},"type":"binary-expr","locations":[{"start":{"line":12,"column":12},"end":{"line":12,"column":25}},{"start":{"line":12,"column":12},"end":{"line":12,"column":null}}]}},"s":{"0":1,"1":1,"2":1,"3":1,"4":1,"5":1,"6":1,"7":1,"8":1,"9":1,"10":1,"11":1,"12":1,"13":1,"14":1,"15":1,"16":1,"17":1,"18":1,"19":1,"20":1,"21":1,"22":1,"23":1,"24":1},"f":{"0":1,"1":1},"b":{"0":[1,1],"1":[1,1]}}
,"/Users/bryan/Dev/percytech/backend/src/entities/payment.entity.ts": {"path":"/Users/bryan/Dev/percytech/backend/src/entities/payment.entity.ts","statementMap":{"0":{"start":{"line":1,"column":0},"end":{"line":1,"column":73}},"1":{"start":{"line":3,"column":0},"end":{"line":3,"column":null}},"2":{"start":{"line":4,"column":2},"end":{"line":4,"column":null}},"3":{"start":{"line":5,"column":2},"end":{"line":5,"column":null}},"4":{"start":{"line":6,"column":2},"end":{"line":6,"column":null}},"5":{"start":{"line":7,"column":2},"end":{"line":7,"column":null}},"6":{"start":{"line":8,"column":2},"end":{"line":8,"column":null}},"7":{"start":{"line":11,"column":0},"end":{"line":11,"column":null}},"8":{"start":{"line":12,"column":2},"end":{"line":12,"column":null}},"9":{"start":{"line":13,"column":2},"end":{"line":13,"column":null}},"10":{"start":{"line":14,"column":2},"end":{"line":14,"column":null}},"11":{"start":{"line":18,"column":2},"end":{"line":19,"column":null}},"12":{"start":{"line":21,"column":2},"end":{"line":22,"column":null}},"13":{"start":{"line":24,"column":2},"end":{"line":25,"column":null}},"14":{"start":{"line":27,"column":2},"end":{"line":28,"column":null}},"15":{"start":{"line":30,"column":2},"end":{"line":31,"column":null}},"16":{"start":{"line":33,"column":2},"end":{"line":34,"column":null}},"17":{"start":{"line":36,"column":2},"end":{"line":38,"column":null}},"18":{"start":{"line":40,"column":2},"end":{"line":41,"column":null}},"19":{"start":{"line":43,"column":2},"end":{"line":44,"column":null}},"20":{"start":{"line":17,"column":0},"end":{"line":17,"column":13}}},"fnMap":{"0":{"name":"(anonymous_2)","decl":{"start":{"line":3,"column":0},"end":{"line":3,"column":12}},"loc":{"start":{"line":3,"column":31},"end":{"line":9,"column":1}}},"1":{"name":"(anonymous_3)","decl":{"start":{"line":11,"column":0},"end":{"line":11,"column":12}},"loc":{"start":{"line":11,"column":20},"end":{"line":15,"column":1}}}},"branchMap":{"0":{"loc":{"start":{"line":3,"column":12},"end":{"line":3,"column":null}},"type":"binary-expr","locations":[{"start":{"line":3,"column":12},"end":{"line":3,"column":31}},{"start":{"line":3,"column":12},"end":{"line":3,"column":null}}]},"1":{"loc":{"start":{"line":11,"column":12},"end":{"line":11,"column":null}},"type":"binary-expr","locations":[{"start":{"line":11,"column":12},"end":{"line":11,"column":20}},{"start":{"line":11,"column":12},"end":{"line":11,"column":null}}]}},"s":{"0":1,"1":1,"2":1,"3":1,"4":1,"5":1,"6":1,"7":1,"8":1,"9":1,"10":1,"11":1,"12":1,"13":1,"14":1,"15":1,"16":1,"17":1,"18":1,"19":1,"20":1},"f":{"0":1,"1":1},"b":{"0":[1,1],"1":[1,1]}}
,"/Users/bryan/Dev/percytech/backend/src/entities/profile.entity.ts": {"path":"/Users/bryan/Dev/percytech/backend/src/entities/profile.entity.ts","statementMap":{"0":{"start":{"line":1,"column":0},"end":{"line":1,"column":55}},"1":{"start":{"line":4,"column":2},"end":{"line":5,"column":null}},"2":{"start":{"line":7,"column":2},"end":{"line":8,"column":null}},"3":{"start":{"line":10,"column":2},"end":{"line":11,"column":null}},"4":{"start":{"line":13,"column":2},"end":{"line":14,"column":null}},"5":{"start":{"line":16,"column":2},"end":{"line":17,"column":null}},"6":{"start":{"line":19,"column":2},"end":{"line":20,"column":null}},"7":{"start":{"line":22,"column":2},"end":{"line":23,"column":null}},"8":{"start":{"line":25,"column":2},"end":{"line":26,"column":null}},"9":{"start":{"line":28,"column":2},"end":{"line":29,"column":null}},"10":{"start":{"line":31,"column":2},"end":{"line":32,"column":null}},"11":{"start":{"line":34,"column":2},"end":{"line":35,"column":null}},"12":{"start":{"line":37,"column":2},"end":{"line":38,"column":null}},"13":{"start":{"line":40,"column":2},"end":{"line":41,"column":null}},"14":{"start":{"line":3,"column":0},"end":{"line":3,"column":13}}},"fnMap":{},"branchMap":{},"s":{"0":1,"1":1,"2":1,"3":1,"4":1,"5":1,"6":1,"7":1,"8":1,"9":1,"10":1,"11":1,"12":1,"13":1,"14":1},"f":{},"b":{}}
,"/Users/bryan/Dev/percytech/backend/src/entities/tcr-registration.entity.ts": {"path":"/Users/bryan/Dev/percytech/backend/src/entities/tcr-registration.entity.ts","statementMap":{"0":{"start":{"line":1,"column":0},"end":{"line":1,"column":63}},"1":{"start":{"line":3,"column":0},"end":{"line":3,"column":null}},"2":{"start":{"line":4,"column":2},"end":{"line":4,"column":null}},"3":{"start":{"line":5,"column":2},"end":{"line":5,"column":null}},"4":{"start":{"line":6,"column":2},"end":{"line":6,"column":null}},"5":{"start":{"line":7,"column":2},"end":{"line":7,"column":null}},"6":{"start":{"line":8,"column":2},"end":{"line":8,"column":null}},"7":{"start":{"line":12,"column":2},"end":{"line":13,"column":null}},"8":{"start":{"line":15,"column":2},"end":{"line":16,"column":null}},"9":{"start":{"line":18,"column":2},"end":{"line":19,"column":null}},"10":{"start":{"line":21,"column":2},"end":{"line":22,"column":null}},"11":{"start":{"line":24,"column":2},"end":{"line":26,"column":null}},"12":{"start":{"line":28,"column":2},"end":{"line":30,"column":null}},"13":{"start":{"line":32,"column":2},"end":{"line":33,"column":null}},"14":{"start":{"line":35,"column":2},"end":{"line":37,"column":null}},"15":{"start":{"line":39,"column":2},"end":{"line":41,"column":null}},"16":{"start":{"line":43,"column":2},"end":{"line":44,"column":null}},"17":{"start":{"line":46,"column":2},"end":{"line":48,"column":null}},"18":{"start":{"line":11,"column":0},"end":{"line":11,"column":13}}},"fnMap":{"0":{"name":"(anonymous_2)","decl":{"start":{"line":3,"column":0},"end":{"line":3,"column":12}},"loc":{"start":{"line":3,"column":21},"end":{"line":9,"column":1}}}},"branchMap":{"0":{"loc":{"start":{"line":3,"column":12},"end":{"line":3,"column":null}},"type":"binary-expr","locations":[{"start":{"line":3,"column":12},"end":{"line":3,"column":21}},{"start":{"line":3,"column":12},"end":{"line":3,"column":null}}]}},"s":{"0":1,"1":1,"2":1,"3":1,"4":1,"5":1,"6":1,"7":1,"8":1,"9":1,"10":1,"11":1,"12":1,"13":1,"14":1,"15":1,"16":1,"17":1,"18":1},"f":{"0":1},"b":{"0":[1,1]}}
,"/Users/bryan/Dev/percytech/backend/src/entities/user.entity.ts": {"path":"/Users/bryan/Dev/percytech/backend/src/entities/user.entity.ts","statementMap":{"0":{"start":{"line":1,"column":0},"end":{"line":1,"column":null}},"1":{"start":{"line":9,"column":0},"end":{"line":9,"column":null}},"2":{"start":{"line":10,"column":2},"end":{"line":10,"column":null}},"3":{"start":{"line":11,"column":2},"end":{"line":11,"column":null}},"4":{"start":{"line":12,"column":2},"end":{"line":12,"column":null}},"5":{"start":{"line":13,"column":2},"end":{"line":13,"column":null}},"6":{"start":{"line":14,"column":2},"end":{"line":14,"column":null}},"7":{"start":{"line":18,"column":2},"end":{"line":19,"column":null}},"8":{"start":{"line":21,"column":2},"end":{"line":22,"column":null}},"9":{"start":{"line":24,"column":2},"end":{"line":26,"column":null}},"10":{"start":{"line":28,"column":2},"end":{"line":30,"column":null}},"11":{"start":{"line":32,"column":2},"end":{"line":33,"column":null}},"12":{"start":{"line":35,"column":2},"end":{"line":36,"column":null}},"13":{"start":{"line":38,"column":2},"end":{"line":39,"column":null}},"14":{"start":{"line":17,"column":0},"end":{"line":17,"column":13}}},"fnMap":{"0":{"name":"(anonymous_2)","decl":{"start":{"line":9,"column":0},"end":{"line":9,"column":12}},"loc":{"start":{"line":9,"column":22},"end":{"line":15,"column":1}}}},"branchMap":{"0":{"loc":{"start":{"line":9,"column":12},"end":{"line":9,"column":null}},"type":"binary-expr","locations":[{"start":{"line":9,"column":12},"end":{"line":9,"column":22}},{"start":{"line":9,"column":12},"end":{"line":9,"column":null}}]}},"s":{"0":1,"1":1,"2":1,"3":1,"4":1,"5":1,"6":1,"7":1,"8":1,"9":1,"10":1,"11":1,"12":1,"13":1,"14":1},"f":{"0":1},"b":{"0":[1,1]}}
,"/Users/bryan/Dev/percytech/backend/src/services/brand.service.ts": {"path":"/Users/bryan/Dev/percytech/backend/src/services/brand.service.ts","statementMap":{"0":{"start":{"line":1,"column":0},"end":{"line":1,"column":71}},"1":{"start":{"line":2,"column":0},"end":{"line":2,"column":53}},"2":{"start":{"line":3,"column":0},"end":{"line":3,"column":50}},"3":{"start":{"line":4,"column":0},"end":{"line":4,"column":49}},"4":{"start":{"line":7,"column":25},"end":{"line":97,"column":null}},"5":{"start":{"line":11,"column":21},"end":{"line":11,"column":38}},"6":{"start":{"line":12,"column":21},"end":{"line":12,"column":36}},"7":{"start":{"line":8,"column":19},"end":{"line":8,"column":58}},"8":{"start":{"line":16,"column":4},"end":{"line":16,"column":64}},"9":{"start":{"line":18,"column":18},"end":{"line":22,"column":null}},"10":{"start":{"line":25,"column":4},"end":{"line":25,"column":50}},"11":{"start":{"line":26,"column":4},"end":{"line":26,"column":17}},"12":{"start":{"line":30,"column":18},"end":{"line":30,"column":74}},"13":{"start":{"line":32,"column":4},"end":{"line":34,"column":null}},"14":{"start":{"line":33,"column":6},"end":{"line":33,"column":67}},"15":{"start":{"line":36,"column":4},"end":{"line":36,"column":17}},"16":{"start":{"line":40,"column":4},"end":{"line":40,"column":70}},"17":{"start":{"line":44,"column":4},"end":{"line":44,"column":57}},"18":{"start":{"line":48,"column":4},"end":{"line":48,"column":45}},"19":{"start":{"line":50,"column":18},"end":{"line":52,"column":null}},"20":{"start":{"line":55,"column":4},"end":{"line":55,"column":44}},"21":{"start":{"line":56,"column":4},"end":{"line":56,"column":17}},"22":{"start":{"line":60,"column":4},"end":{"line":60,"column":44}},"23":{"start":{"line":64,"column":4},"end":{"line":64,"column":45}},"24":{"start":{"line":65,"column":4},"end":{"line":65,"column":52}},"25":{"start":{"line":66,"column":4},"end":{"line":66,"column":44}},"26":{"start":{"line":70,"column":4},"end":{"line":70,"column":58}},"27":{"start":{"line":72,"column":18},"end":{"line":72,"column":51}},"28":{"start":{"line":73,"column":24},"end":{"line":73,"column":79}},"29":{"start":{"line":75,"column":4},"end":{"line":89,"column":null}},"30":{"start":{"line":76,"column":6},"end":{"line":79,"column":9}},"31":{"start":{"line":80,"column":6},"end":{"line":80,"column":72}},"32":{"start":{"line":82,"column":6},"end":{"line":85,"column":9}},"33":{"start":{"line":86,"column":6},"end":{"line":88,"column":8}},"34":{"start":{"line":91,"column":4},"end":{"line":91,"column":23}},"35":{"start":{"line":95,"column":4},"end":{"line":95,"column":66}},"36":{"start":{"line":7,"column":13},"end":{"line":97,"column":null}},"37":{"start":{"line":7,"column":13},"end":{"line":7,"column":25}}},"fnMap":{"0":{"name":"(anonymous_2)","decl":{"start":{"line":10,"column":2},"end":{"line":10,"column":null}},"loc":{"start":{"line":12,"column":49},"end":{"line":13,"column":6}}},"1":{"name":"(anonymous_3)","decl":{"start":{"line":15,"column":2},"end":{"line":15,"column":7}},"loc":{"start":{"line":15,"column":45},"end":{"line":27,"column":3}}},"2":{"name":"(anonymous_4)","decl":{"start":{"line":29,"column":2},"end":{"line":29,"column":7}},"loc":{"start":{"line":29,"column":32},"end":{"line":37,"column":3}}},"3":{"name":"(anonymous_5)","decl":{"start":{"line":39,"column":2},"end":{"line":39,"column":7}},"loc":{"start":{"line":39,"column":41},"end":{"line":41,"column":3}}},"4":{"name":"(anonymous_6)","decl":{"start":{"line":43,"column":2},"end":{"line":43,"column":7}},"loc":{"start":{"line":43,"column":20},"end":{"line":45,"column":3}}},"5":{"name":"(anonymous_7)","decl":{"start":{"line":47,"column":2},"end":{"line":47,"column":7}},"loc":{"start":{"line":47,"column":58},"end":{"line":57,"column":3}}},"6":{"name":"(anonymous_8)","decl":{"start":{"line":59,"column":2},"end":{"line":59,"column":7}},"loc":{"start":{"line":59,"column":57},"end":{"line":61,"column":3}}},"7":{"name":"(anonymous_9)","decl":{"start":{"line":63,"column":2},"end":{"line":63,"column":7}},"loc":{"start":{"line":63,"column":30},"end":{"line":67,"column":3}}},"8":{"name":"(anonymous_10)","decl":{"start":{"line":69,"column":2},"end":{"line":69,"column":7}},"loc":{"start":{"line":69,"column":59},"end":{"line":92,"column":3}}},"9":{"name":"(anonymous_11)","decl":{"start":{"line":94,"column":2},"end":{"line":94,"column":7}},"loc":{"start":{"line":94,"column":60},"end":{"line":96,"column":3}}}},"branchMap":{"0":{"loc":{"start":{"line":32,"column":4},"end":{"line":34,"column":null}},"type":"if","locations":[{"start":{"line":32,"column":4},"end":{"line":34,"column":null}}]},"1":{"loc":{"start":{"line":69,"column":42},"end":{"line":69,"column":59}},"type":"default-arg","locations":[{"start":{"line":69,"column":55},"end":{"line":69,"column":59}}]},"2":{"loc":{"start":{"line":75,"column":4},"end":{"line":89,"column":null}},"type":"if","locations":[{"start":{"line":75,"column":4},"end":{"line":89,"column":null}},{"start":{"line":81,"column":11},"end":{"line":89,"column":null}}]},"3":{"loc":{"start":{"line":94,"column":43},"end":{"line":94,"column":60}},"type":"default-arg","locations":[{"start":{"line":94,"column":56},"end":{"line":94,"column":60}}]}},"s":{"0":0,"1":0,"2":0,"3":0,"4":0,"5":0,"6":0,"7":0,"8":0,"9":0,"10":0,"11":0,"12":0,"13":0,"14":0,"15":0,"16":0,"17":0,"18":0,"19":0,"20":0,"21":0,"22":0,"23":0,"24":0,"25":0,"26":0,"27":0,"28":0,"29":0,"30":0,"31":0,"32":0,"33":0,"34":0,"35":0,"36":0,"37":0},"f":{"0":0,"1":0,"2":0,"3":0,"4":0,"5":0,"6":0,"7":0,"8":0,"9":0},"b":{"0":[0],"1":[0],"2":[0,0],"3":[0]}}
,"/Users/bryan/Dev/percytech/backend/src/services/campaign.service.ts": {"path":"/Users/bryan/Dev/percytech/backend/src/services/campaign.service.ts","statementMap":{"0":{"start":{"line":1,"column":0},"end":{"line":1,"column":71}},"1":{"start":{"line":2,"column":0},"end":{"line":2,"column":53}},"2":{"start":{"line":3,"column":0},"end":{"line":3,"column":50}},"3":{"start":{"line":4,"column":0},"end":{"line":4,"column":55}},"4":{"start":{"line":7,"column":28},"end":{"line":130,"column":null}},"5":{"start":{"line":11,"column":21},"end":{"line":11,"column":38}},"6":{"start":{"line":12,"column":21},"end":{"line":12,"column":36}},"7":{"start":{"line":8,"column":19},"end":{"line":8,"column":61}},"8":{"start":{"line":16,"column":4},"end":{"line":16,"column":71}},"9":{"start":{"line":18,"column":21},"end":{"line":22,"column":null}},"10":{"start":{"line":25,"column":4},"end":{"line":25,"column":56}},"11":{"start":{"line":26,"column":4},"end":{"line":26,"column":20}},"12":{"start":{"line":30,"column":21},"end":{"line":32,"column":null}},"13":{"start":{"line":35,"column":4},"end":{"line":37,"column":null}},"14":{"start":{"line":36,"column":6},"end":{"line":36,"column":70}},"15":{"start":{"line":39,"column":4},"end":{"line":39,"column":20}},"16":{"start":{"line":43,"column":4},"end":{"line":43,"column":76}},"17":{"start":{"line":47,"column":28},"end":{"line":51,"column":29}},"18":{"start":{"line":53,"column":4},"end":{"line":53,"column":27}},"19":{"start":{"line":53,"column":15},"end":{"line":53,"column":27}},"20":{"start":{"line":54,"column":4},"end":{"line":54,"column":22}},"21":{"start":{"line":58,"column":4},"end":{"line":58,"column":63}},"22":{"start":{"line":65,"column":4},"end":{"line":65,"column":48}},"23":{"start":{"line":67,"column":21},"end":{"line":72,"column":null}},"24":{"start":{"line":76,"column":4},"end":{"line":76,"column":47}},"25":{"start":{"line":77,"column":4},"end":{"line":77,"column":20}},"26":{"start":{"line":84,"column":4},"end":{"line":84,"column":47}},"27":{"start":{"line":88,"column":4},"end":{"line":88,"column":48}},"28":{"start":{"line":89,"column":4},"end":{"line":89,"column":55}},"29":{"start":{"line":90,"column":4},"end":{"line":90,"column":47}},"30":{"start":{"line":97,"column":4},"end":{"line":97,"column":64}},"31":{"start":{"line":99,"column":21},"end":{"line":99,"column":60}},"32":{"start":{"line":100,"column":24},"end":{"line":102,"column":null}},"33":{"start":{"line":105,"column":4},"end":{"line":119,"column":null}},"34":{"start":{"line":106,"column":6},"end":{"line":109,"column":9}},"35":{"start":{"line":110,"column":6},"end":{"line":110,"column":78}},"36":{"start":{"line":112,"column":6},"end":{"line":115,"column":9}},"37":{"start":{"line":116,"column":6},"end":{"line":118,"column":8}},"38":{"start":{"line":121,"column":4},"end":{"line":121,"column":23}},"39":{"start":{"line":128,"column":4},"end":{"line":128,"column":72}},"40":{"start":{"line":7,"column":13},"end":{"line":130,"column":null}},"41":{"start":{"line":7,"column":13},"end":{"line":7,"column":28}}},"fnMap":{"0":{"name":"(anonymous_2)","decl":{"start":{"line":10,"column":2},"end":{"line":10,"column":null}},"loc":{"start":{"line":12,"column":49},"end":{"line":13,"column":6}}},"1":{"name":"(anonymous_3)","decl":{"start":{"line":15,"column":2},"end":{"line":15,"column":7}},"loc":{"start":{"line":15,"column":54},"end":{"line":27,"column":3}}},"2":{"name":"(anonymous_4)","decl":{"start":{"line":29,"column":2},"end":{"line":29,"column":7}},"loc":{"start":{"line":29,"column":35},"end":{"line":40,"column":3}}},"3":{"name":"(anonymous_5)","decl":{"start":{"line":42,"column":2},"end":{"line":42,"column":7}},"loc":{"start":{"line":42,"column":44},"end":{"line":44,"column":3}}},"4":{"name":"(anonymous_6)","decl":{"start":{"line":46,"column":2},"end":{"line":46,"column":7}},"loc":{"start":{"line":46,"column":46},"end":{"line":55,"column":3}}},"5":{"name":"(anonymous_7)","decl":{"start":{"line":57,"column":2},"end":{"line":57,"column":7}},"loc":{"start":{"line":57,"column":23},"end":{"line":59,"column":3}}},"6":{"name":"(anonymous_8)","decl":{"start":{"line":61,"column":2},"end":{"line":61,"column":7}},"loc":{"start":{"line":63,"column":33},"end":{"line":78,"column":3}}},"7":{"name":"(anonymous_9)","decl":{"start":{"line":80,"column":2},"end":{"line":80,"column":7}},"loc":{"start":{"line":82,"column":26},"end":{"line":85,"column":3}}},"8":{"name":"(anonymous_10)","decl":{"start":{"line":87,"column":2},"end":{"line":87,"column":7}},"loc":{"start":{"line":87,"column":33},"end":{"line":91,"column":3}}},"9":{"name":"(anonymous_11)","decl":{"start":{"line":93,"column":2},"end":{"line":93,"column":7}},"loc":{"start":{"line":95,"column":21},"end":{"line":122,"column":3}}},"10":{"name":"(anonymous_12)","decl":{"start":{"line":124,"column":2},"end":{"line":124,"column":7}},"loc":{"start":{"line":126,"column":21},"end":{"line":129,"column":3}}}},"branchMap":{"0":{"loc":{"start":{"line":35,"column":4},"end":{"line":37,"column":null}},"type":"if","locations":[{"start":{"line":35,"column":4},"end":{"line":37,"column":null}}]},"1":{"loc":{"start":{"line":53,"column":4},"end":{"line":53,"column":27}},"type":"if","locations":[{"start":{"line":53,"column":4},"end":{"line":53,"column":27}}]},"2":{"loc":{"start":{"line":54,"column":11},"end":{"line":54,"column":21}},"type":"binary-expr","locations":[{"start":{"line":54,"column":11},"end":{"line":54,"column":15}},{"start":{"line":54,"column":19},"end":{"line":54,"column":21}}]},"3":{"loc":{"start":{"line":95,"column":4},"end":{"line":95,"column":21}},"type":"default-arg","locations":[{"start":{"line":95,"column":17},"end":{"line":95,"column":21}}]},"4":{"loc":{"start":{"line":105,"column":4},"end":{"line":119,"column":null}},"type":"if","locations":[{"start":{"line":105,"column":4},"end":{"line":119,"column":null}},{"start":{"line":111,"column":11},"end":{"line":119,"column":null}}]},"5":{"loc":{"start":{"line":126,"column":4},"end":{"line":126,"column":21}},"type":"default-arg","locations":[{"start":{"line":126,"column":17},"end":{"line":126,"column":21}}]}},"s":{"0":0,"1":0,"2":0,"3":0,"4":0,"5":0,"6":0,"7":0,"8":0,"9":0,"10":0,"11":0,"12":0,"13":0,"14":0,"15":0,"16":0,"17":0,"18":0,"19":0,"20":0,"21":0,"22":0,"23":0,"24":0,"25":0,"26":0,"27":0,"28":0,"29":0,"30":0,"31":0,"32":0,"33":0,"34":0,"35":0,"36":0,"37":0,"38":0,"39":0,"40":0,"41":0},"f":{"0":0,"1":0,"2":0,"3":0,"4":0,"5":0,"6":0,"7":0,"8":0,"9":0,"10":0},"b":{"0":[0],"1":[0],"2":[0,0],"3":[0],"4":[0,0],"5":[0]}}
,"/Users/bryan/Dev/percytech/backend/src/services/hubspot.service.ts": {"path":"/Users/bryan/Dev/percytech/backend/src/services/hubspot.service.ts","statementMap":{"0":{"start":{"line":1,"column":0},"end":{"line":1,"column":52}},"1":{"start":{"line":2,"column":0},"end":{"line":2,"column":47}},"2":{"start":{"line":38,"column":27},"end":{"line":267,"column":null}},"3":{"start":{"line":43,"column":22},"end":{"line":43,"column":37}},"4":{"start":{"line":39,"column":19},"end":{"line":39,"column":60}},"5":{"start":{"line":41,"column":19},"end":{"line":41,"column":54}},"6":{"start":{"line":44,"column":4},"end":{"line":44,"column":68}},"7":{"start":{"line":46,"column":4},"end":{"line":48,"column":null}},"8":{"start":{"line":47,"column":6},"end":{"line":47,"column":57}},"9":{"start":{"line":57,"column":4},"end":{"line":77,"column":null}},"10":{"start":{"line":58,"column":6},"end":{"line":60,"column":null}},"11":{"start":{"line":59,"column":8},"end":{"line":59,"column":58}},"12":{"start":{"line":63,"column":30},"end":{"line":63,"column":74}},"13":{"start":{"line":65,"column":6},"end":{"line":73,"column":null}},"14":{"start":{"line":67,"column":8},"end":{"line":67,"column":62}},"15":{"start":{"line":68,"column":8},"end":{"line":68,"column":56}},"16":{"start":{"line":71,"column":27},"end":{"line":71,"column":60}},"17":{"start":{"line":72,"column":8},"end":{"line":72,"column":50}},"18":{"start":{"line":75,"column":6},"end":{"line":75,"column":74}},"19":{"start":{"line":76,"column":6},"end":{"line":76,"column":18}},"20":{"start":{"line":84,"column":4},"end":{"line":110,"column":null}},"21":{"start":{"line":85,"column":6},"end":{"line":87,"column":null}},"22":{"start":{"line":86,"column":8},"end":{"line":86,"column":58}},"23":{"start":{"line":89,"column":23},"end":{"line":98,"column":8}},"24":{"start":{"line":100,"column":6},"end":{"line":103,"column":null}},"25":{"start":{"line":101,"column":26},"end":{"line":101,"column":47}},"26":{"start":{"line":102,"column":8},"end":{"line":102,"column":80}},"27":{"start":{"line":105,"column":19},"end":{"line":105,"column":40}},"28":{"start":{"line":106,"column":6},"end":{"line":106,"column":29}},"29":{"start":{"line":108,"column":6},"end":{"line":108,"column":67}},"30":{"start":{"line":109,"column":6},"end":{"line":109,"column":18}},"31":{"start":{"line":120,"column":4},"end":{"line":163,"column":null}},"32":{"start":{"line":121,"column":6},"end":{"line":123,"column":null}},"33":{"start":{"line":122,"column":8},"end":{"line":122,"column":58}},"34":{"start":{"line":125,"column":23},"end":{"line":150,"column":null}},"35":{"start":{"line":153,"column":6},"end":{"line":156,"column":null}},"36":{"start":{"line":154,"column":26},"end":{"line":154,"column":47}},"37":{"start":{"line":155,"column":8},"end":{"line":155,"column":80}},"38":{"start":{"line":158,"column":19},"end":{"line":158,"column":40}},"39":{"start":{"line":159,"column":6},"end":{"line":159,"column":29}},"40":{"start":{"line":161,"column":6},"end":{"line":161,"column":68}},"41":{"start":{"line":162,"column":6},"end":{"line":162,"column":18}},"42":{"start":{"line":172,"column":4},"end":{"line":212,"column":null}},"43":{"start":{"line":173,"column":23},"end":{"line":196,"column":null}},"44":{"start":{"line":199,"column":6},"end":{"line":201,"column":null}},"45":{"start":{"line":200,"column":8},"end":{"line":200,"column":20}},"46":{"start":{"line":203,"column":19},"end":{"line":203,"column":40}},"47":{"start":{"line":204,"column":6},"end":{"line":206,"column":null}},"48":{"start":{"line":205,"column":8},"end":{"line":205,"column":42}},"49":{"start":{"line":208,"column":6},"end":{"line":208,"column":18}},"50":{"start":{"line":210,"column":6},"end":{"line":210,"column":74}},"51":{"start":{"line":211,"column":6},"end":{"line":211,"column":18}},"52":{"start":{"line":222,"column":21},"end":{"line":233,"column":null}},"53":{"start":{"line":236,"column":4},"end":{"line":239,"column":null}},"54":{"start":{"line":237,"column":24},"end":{"line":237,"column":45}},"55":{"start":{"line":238,"column":6},"end":{"line":238,"column":78}},"56":{"start":{"line":248,"column":21},"end":{"line":257,"column":6}},"57":{"start":{"line":259,"column":4},"end":{"line":262,"column":null}},"58":{"start":{"line":260,"column":24},"end":{"line":260,"column":45}},"59":{"start":{"line":261,"column":6},"end":{"line":261,"column":78}},"60":{"start":{"line":264,"column":17},"end":{"line":264,"column":38}},"61":{"start":{"line":265,"column":4},"end":{"line":265,"column":27}},"62":{"start":{"line":38,"column":13},"end":{"line":267,"column":null}},"63":{"start":{"line":38,"column":13},"end":{"line":38,"column":27}}},"fnMap":{"0":{"name":"(anonymous_2)","decl":{"start":{"line":43,"column":2},"end":{"line":43,"column":22}},"loc":{"start":{"line":43,"column":50},"end":{"line":49,"column":3}}},"1":{"name":"(anonymous_3)","decl":{"start":{"line":54,"column":2},"end":{"line":54,"column":7}},"loc":{"start":{"line":55,"column":27},"end":{"line":78,"column":3}}},"2":{"name":"(anonymous_4)","decl":{"start":{"line":83,"column":2},"end":{"line":83,"column":7}},"loc":{"start":{"line":83,"column":45},"end":{"line":111,"column":3}}},"3":{"name":"(anonymous_5)","decl":{"start":{"line":116,"column":2},"end":{"line":116,"column":7}},"loc":{"start":{"line":118,"column":29},"end":{"line":164,"column":3}}},"4":{"name":"(anonymous_6)","decl":{"start":{"line":169,"column":10},"end":{"line":169,"column":15}},"loc":{"start":{"line":170,"column":17},"end":{"line":213,"column":3}}},"5":{"name":"(anonymous_7)","decl":{"start":{"line":218,"column":10},"end":{"line":218,"column":15}},"loc":{"start":{"line":220,"column":27},"end":{"line":240,"column":3}}},"6":{"name":"(anonymous_8)","decl":{"start":{"line":245,"column":10},"end":{"line":245,"column":15}},"loc":{"start":{"line":246,"column":27},"end":{"line":266,"column":3}}}},"branchMap":{"0":{"loc":{"start":{"line":46,"column":4},"end":{"line":48,"column":null}},"type":"if","locations":[{"start":{"line":46,"column":4},"end":{"line":48,"column":null}}]},"1":{"loc":{"start":{"line":58,"column":6},"end":{"line":60,"column":null}},"type":"if","locations":[{"start":{"line":58,"column":6},"end":{"line":60,"column":null}}]},"2":{"loc":{"start":{"line":65,"column":6},"end":{"line":73,"column":null}},"type":"if","locations":[{"start":{"line":65,"column":6},"end":{"line":73,"column":null}},{"start":{"line":69,"column":13},"end":{"line":73,"column":null}}]},"3":{"loc":{"start":{"line":85,"column":6},"end":{"line":87,"column":null}},"type":"if","locations":[{"start":{"line":85,"column":6},"end":{"line":87,"column":null}}]},"4":{"loc":{"start":{"line":100,"column":6},"end":{"line":103,"column":null}},"type":"if","locations":[{"start":{"line":100,"column":6},"end":{"line":103,"column":null}}]},"5":{"loc":{"start":{"line":121,"column":6},"end":{"line":123,"column":null}},"type":"if","locations":[{"start":{"line":121,"column":6},"end":{"line":123,"column":null}}]},"6":{"loc":{"start":{"line":153,"column":6},"end":{"line":156,"column":null}},"type":"if","locations":[{"start":{"line":153,"column":6},"end":{"line":156,"column":null}}]},"7":{"loc":{"start":{"line":199,"column":6},"end":{"line":201,"column":null}},"type":"if","locations":[{"start":{"line":199,"column":6},"end":{"line":201,"column":null}}]},"8":{"loc":{"start":{"line":204,"column":6},"end":{"line":206,"column":null}},"type":"if","locations":[{"start":{"line":204,"column":6},"end":{"line":206,"column":null}}]},"9":{"loc":{"start":{"line":204,"column":10},"end":{"line":204,"column":49}},"type":"binary-expr","locations":[{"start":{"line":204,"column":10},"end":{"line":204,"column":22}},{"start":{"line":204,"column":26},"end":{"line":204,"column":49}}]},"10":{"loc":{"start":{"line":236,"column":4},"end":{"line":239,"column":null}},"type":"if","locations":[{"start":{"line":236,"column":4},"end":{"line":239,"column":null}}]},"11":{"loc":{"start":{"line":259,"column":4},"end":{"line":262,"column":null}},"type":"if","locations":[{"start":{"line":259,"column":4},"end":{"line":262,"column":null}}]}},"s":{"0":0,"1":0,"2":0,"3":0,"4":0,"5":0,"6":0,"7":0,"8":0,"9":0,"10":0,"11":0,"12":0,"13":0,"14":0,"15":0,"16":0,"17":0,"18":0,"19":0,"20":0,"21":0,"22":0,"23":0,"24":0,"25":0,"26":0,"27":0,"28":0,"29":0,"30":0,"31":0,"32":0,"33":0,"34":0,"35":0,"36":0,"37":0,"38":0,"39":0,"40":0,"41":0,"42":0,"43":0,"44":0,"45":0,"46":0,"47":0,"48":0,"49":0,"50":0,"51":0,"52":0,"53":0,"54":0,"55":0,"56":0,"57":0,"58":0,"59":0,"60":0,"61":0,"62":0,"63":0},"f":{"0":0,"1":0,"2":0,"3":0,"4":0,"5":0,"6":0},"b":{"0":[0],"1":[0],"2":[0,0],"3":[0],"4":[0],"5":[0],"6":[0],"7":[0],"8":[0],"9":[0,0],"10":[0],"11":[0]}}
,"/Users/bryan/Dev/percytech/backend/src/services/index.ts": {"path":"/Users/bryan/Dev/percytech/backend/src/services/index.ts","statementMap":{"0":{"start":{"line":1,"column":0},"end":{"line":1,"column":35}},"1":{"start":{"line":2,"column":0},"end":{"line":2,"column":34}},"2":{"start":{"line":3,"column":0},"end":{"line":3,"column":31}},"3":{"start":{"line":4,"column":0},"end":{"line":4,"column":32}},"4":{"start":{"line":5,"column":0},"end":{"line":5,"column":35}},"5":{"start":{"line":6,"column":0},"end":{"line":6,"column":34}},"6":{"start":{"line":7,"column":0},"end":{"line":7,"column":31}}},"fnMap":{},"branchMap":{},"s":{"0":0,"1":0,"2":0,"3":0,"4":0,"5":0,"6":0},"f":{},"b":{}}
,"/Users/bryan/Dev/percytech/backend/src/services/lead.service.ts": {"path":"/Users/bryan/Dev/percytech/backend/src/services/lead.service.ts","statementMap":{"0":{"start":{"line":1,"column":0},"end":{"line":1,"column":52}},"1":{"start":{"line":2,"column":0},"end":{"line":2,"column":53}},"2":{"start":{"line":3,"column":0},"end":{"line":3,"column":51}},"3":{"start":{"line":4,"column":0},"end":{"line":4,"column":null}},"4":{"start":{"line":10,"column":0},"end":{"line":10,"column":null}},"5":{"start":{"line":45,"column":24},"end":{"line":278,"column":null}},"6":{"start":{"line":49,"column":21},"end":{"line":49,"column":38}},"7":{"start":{"line":50,"column":21},"end":{"line":50,"column":37}},"8":{"start":{"line":46,"column":19},"end":{"line":46,"column":57}},"9":{"start":{"line":57,"column":4},"end":{"line":110,"column":null}},"10":{"start":{"line":59,"column":19},"end":{"line":64,"column":null}},"11":{"start":{"line":68,"column":6},"end":{"line":74,"column":9}},"12":{"start":{"line":77,"column":6},"end":{"line":104,"column":null}},"13":{"start":{"line":78,"column":31},"end":{"line":92,"column":10}},"14":{"start":{"line":95,"column":8},"end":{"line":98,"column":11}},"15":{"start":{"line":100,"column":8},"end":{"line":100,"column":80}},"16":{"start":{"line":102,"column":8},"end":{"line":102,"column":74}},"17":{"start":{"line":106,"column":6},"end":{"line":106,"column":18}},"18":{"start":{"line":108,"column":6},"end":{"line":108,"column":56}},"19":{"start":{"line":109,"column":6},"end":{"line":109,"column":18}},"20":{"start":{"line":119,"column":4},"end":{"line":167,"column":null}},"21":{"start":{"line":120,"column":23},"end":{"line":126,"column":null}},"22":{"start":{"line":131,"column":19},"end":{"line":133,"column":null}},"23":{"start":{"line":136,"column":6},"end":{"line":161,"column":null}},"24":{"start":{"line":137,"column":8},"end":{"line":160,"column":null}},"25":{"start":{"line":138,"column":34},"end":{"line":146,"column":null}},"26":{"start":{"line":150,"column":10},"end":{"line":153,"column":13}},"27":{"start":{"line":155,"column":10},"end":{"line":157,"column":12}},"28":{"start":{"line":159,"column":10},"end":{"line":159,"column":80}},"29":{"start":{"line":163,"column":6},"end":{"line":163,"column":22}},"30":{"start":{"line":165,"column":6},"end":{"line":165,"column":65}},"31":{"start":{"line":166,"column":6},"end":{"line":166,"column":18}},"32":{"start":{"line":174,"column":4},"end":{"line":174,"column":54}},"33":{"start":{"line":181,"column":28},"end":{"line":186,"column":15}},"34":{"start":{"line":188,"column":4},"end":{"line":188,"column":56}},"35":{"start":{"line":188,"column":44},"end":{"line":188,"column":56}},"36":{"start":{"line":189,"column":4},"end":{"line":189,"column":16}},"37":{"start":{"line":196,"column":4},"end":{"line":196,"column":72}},"38":{"start":{"line":203,"column":4},"end":{"line":206,"column":7}},"39":{"start":{"line":213,"column":4},"end":{"line":216,"column":7}},"40":{"start":{"line":223,"column":4},"end":{"line":226,"column":7}},"41":{"start":{"line":238,"column":16},"end":{"line":242,"column":47}},"42":{"start":{"line":244,"column":4},"end":{"line":246,"column":null}},"43":{"start":{"line":245,"column":6},"end":{"line":245,"column":49}},"44":{"start":{"line":247,"column":4},"end":{"line":249,"column":null}},"45":{"start":{"line":248,"column":6},"end":{"line":248,"column":53}},"46":{"start":{"line":250,"column":4},"end":{"line":252,"column":null}},"47":{"start":{"line":251,"column":6},"end":{"line":251,"column":57}},"48":{"start":{"line":253,"column":4},"end":{"line":255,"column":null}},"49":{"start":{"line":254,"column":6},"end":{"line":254,"column":51}},"50":{"start":{"line":257,"column":28},"end":{"line":257,"column":39}},"51":{"start":{"line":258,"column":4},"end":{"line":258,"column":27}},"52":{"start":{"line":258,"column":15},"end":{"line":258,"column":27}},"53":{"start":{"line":259,"column":4},"end":{"line":259,"column":22}},"54":{"start":{"line":266,"column":28},"end":{"line":273,"column":47}},"55":{"start":{"line":275,"column":4},"end":{"line":275,"column":27}},"56":{"start":{"line":275,"column":15},"end":{"line":275,"column":27}},"57":{"start":{"line":276,"column":4},"end":{"line":276,"column":22}},"58":{"start":{"line":45,"column":13},"end":{"line":278,"column":null}},"59":{"start":{"line":45,"column":13},"end":{"line":45,"column":24}}},"fnMap":{"0":{"name":"(anonymous_2)","decl":{"start":{"line":48,"column":2},"end":{"line":48,"column":null}},"loc":{"start":{"line":50,"column":51},"end":{"line":51,"column":6}}},"1":{"name":"(anonymous_3)","decl":{"start":{"line":56,"column":2},"end":{"line":56,"column":7}},"loc":{"start":{"line":56,"column":42},"end":{"line":111,"column":3}}},"2":{"name":"(anonymous_4)","decl":{"start":{"line":116,"column":2},"end":{"line":116,"column":7}},"loc":{"start":{"line":117,"column":39},"end":{"line":168,"column":3}}},"3":{"name":"(anonymous_5)","decl":{"start":{"line":173,"column":2},"end":{"line":173,"column":7}},"loc":{"start":{"line":173,"column":30},"end":{"line":175,"column":3}}},"4":{"name":"(anonymous_6)","decl":{"start":{"line":180,"column":2},"end":{"line":180,"column":7}},"loc":{"start":{"line":180,"column":36},"end":{"line":190,"column":3}}},"5":{"name":"(anonymous_7)","decl":{"start":{"line":195,"column":2},"end":{"line":195,"column":7}},"loc":{"start":{"line":195,"column":40},"end":{"line":197,"column":3}}},"6":{"name":"(anonymous_8)","decl":{"start":{"line":202,"column":2},"end":{"line":202,"column":7}},"loc":{"start":{"line":202,"column":55},"end":{"line":207,"column":3}}},"7":{"name":"(anonymous_9)","decl":{"start":{"line":212,"column":2},"end":{"line":212,"column":7}},"loc":{"start":{"line":212,"column":61},"end":{"line":217,"column":3}}},"8":{"name":"(anonymous_10)","decl":{"start":{"line":222,"column":2},"end":{"line":222,"column":7}},"loc":{"start":{"line":222,"column":49},"end":{"line":227,"column":3}}},"9":{"name":"(anonymous_11)","decl":{"start":{"line":232,"column":2},"end":{"line":232,"column":7}},"loc":{"start":{"line":237,"column":3},"end":{"line":260,"column":3}}},"10":{"name":"(anonymous_12)","decl":{"start":{"line":265,"column":2},"end":{"line":265,"column":7}},"loc":{"start":{"line":265,"column":33},"end":{"line":277,"column":3}}}},"branchMap":{"0":{"loc":{"start":{"line":62,"column":18},"end":{"line":62,"column":58}},"type":"binary-expr","locations":[{"start":{"line":62,"column":18},"end":{"line":62,"column":35}},{"start":{"line":62,"column":39},"end":{"line":62,"column":58}}]},"1":{"loc":{"start":{"line":136,"column":6},"end":{"line":161,"column":null}},"type":"if","locations":[{"start":{"line":136,"column":6},"end":{"line":161,"column":null}}]},"2":{"loc":{"start":{"line":136,"column":10},"end":{"line":136,"column":41}},"type":"binary-expr","locations":[{"start":{"line":136,"column":10},"end":{"line":136,"column":14}},{"start":{"line":136,"column":18},"end":{"line":136,"column":41}}]},"3":{"loc
[...]
,"/Users/bryan/Dev/percytech/backend/src/services/supabase.service.ts": {"path":"/Users/bryan/Dev/percytech/backend/src/services/supabase.service.ts","statementMap":{"0":{"start":{"line":1,"column":0},"end":{"line":1,"column":58}},"1":{"start":{"line":2,"column":0},"end":{"line":2,"column":47}},"2":{"start":{"line":3,"column":0},"end":{"line":3,"column":69}},"3":{"start":{"line":6,"column":7},"end":{"line":91,"column":null}},"4":{"start":{"line":9,"column":22},"end":{"line":9,"column":37}},"5":{"start":{"line":13,"column":24},"end":{"line":14,"column":null}},"6":{"start":{"line":17,"column":24},"end":{"line":18,"column":null}},"7":{"start":{"line":21,"column":4},"end":{"line":25,"column":null}},"8":{"start":{"line":22,"column":6},"end":{"line":24,"column":8}},"9":{"start":{"line":27,"column":4},"end":{"line":27,"column":59}},"10":{"start":{"line":31,"column":4},"end":{"line":31,"column":25}},"11":{"start":{"line":36,"column":36},"end":{"line":40,"column":15}},"12":{"start":{"line":42,"column":4},"end":{"line":42,"column":27}},"13":{"start":{"line":42,"column":15},"end":{"line":42,"column":27}},"14":{"start":{"line":43,"column":4},"end":{"line":43,"column":18}},"15":{"start":{"line":47,"column":28},"end":{"line":51,"column":15}},"16":{"start":{"line":53,"column":4},"end":{"line":53,"column":56}},"17":{"start":{"line":53,"column":44},"end":{"line":53,"column":56}},"18":{"start":{"line":54,"column":4},"end":{"line":54,"column":16}},"19":{"start":{"line":58,"column":28},"end":{"line":61,"column":27}},"20":{"start":{"line":63,"column":4},"end":{"line":63,"column":27}},"21":{"start":{"line":63,"column":15},"end":{"line":63,"column":27}},"22":{"start":{"line":64,"column":4},"end":{"line":64,"column":22}},"23":{"start":{"line":68,"column":36},"end":{"line":73,"column":15}},"24":{"start":{"line":75,"column":4},"end":{"line":75,"column":27}},"25":{"start":{"line":75,"column":15},"end":{"line":75,"column":27}},"26":{"start":{"line":76,"column":4},"end":{"line":76,"column":18}},"27":{"start":{"line":80,"column":22},"end":{"line":80,"column":75}},"28":{"start":{"line":82,"column":4},"end":{"line":82,"column":27}},"29":{"start":{"line":82,"column":15},"end":{"line":82,"column":27}},"30":{"start":{"line":86,"column":28},"end":{"line":86,"column":71}},"31":{"start":{"line":88,"column":4},"end":{"line":88,"column":27}},"32":{"start":{"line":88,"column":15},"end":{"line":88,"column":27}},"33":{"start":{"line":89,"column":4},"end":{"line":89,"column":22}},"34":{"start":{"line":6,"column":13},"end":{"line":91,"column":null}},"35":{"start":{"line":6,"column":13},"end":{"line":6,"column":28}}},"fnMap":{"0":{"name":"(anonymous_2)","decl":{"start":{"line":9,"column":2},"end":{"line":9,"column":22}},"loc":{"start":{"line":9,"column":50},"end":{"line":9,"column":54}}},"1":{"name":"(anonymous_3)","decl":{"start":{"line":11,"column":2},"end":{"line":11,"column":14}},"loc":{"start":{"line":11,"column":14},"end":{"line":28,"column":3}}},"2":{"name":"(anonymous_4)","decl":{"start":{"line":30,"column":2},"end":{"line":30,"column":11}},"loc":{"start":{"line":30,"column":11},"end":{"line":32,"column":3}}},"3":{"name":"(anonymous_5)","decl":{"start":{"line":35,"column":2},"end":{"line":35,"column":7}},"loc":{"start":{"line":35,"column":49},"end":{"line":44,"column":3}}},"4":{"name":"(anonymous_6)","decl":{"start":{"line":46,"column":2},"end":{"line":46,"column":7}},"loc":{"start":{"line":46,"column":45},"end":{"line":55,"column":3}}},"5":{"name":"(anonymous_7)","decl":{"start":{"line":57,"column":2},"end":{"line":57,"column":7}},"loc":{"start":{"line":57,"column":53},"end":{"line":65,"column":3}}},"6":{"name":"(anonymous_8)","decl":{"start":{"line":67,"column":2},"end":{"line":67,"column":7}},"loc":{"start":{"line":67,"column":61},"end":{"line":77,"column":3}}},"7":{"name":"(anonymous_9)","decl":{"start":{"line":79,"column":2},"end":{"line":79,"column":7}},"loc":{"start":{"line":79,"column":40},"end":{"line":83,"column":3}}},"8":{"name":"(anonymous_10)","decl":{"start":{"line":85,"column":2},"end":{"line":85,"column":7}},"loc":{"start":{"line":85,"column":32},"end":{"line":90,"column":3}}}},"branchMap":{"0":{"loc":{"start":{"line":21,"column":4},"end":{"line":25,"column":null}},"type":"if","locations":[{"start":{"line":21,"column":4},"end":{"line":25,"column":null}}]},"1":{"loc":{"start":{"line":21,"column":8},"end":{"line":21,"column":36}},"type":"binary-expr","locations":[{"start":{"line":21,"column":8},"end":{"line":21,"column":20}},{"start":{"line":21,"column":24},"end":{"line":21,"column":36}}]},"2":{"loc":{"start":{"line":42,"column":4},"end":{"line":42,"column":27}},"type":"if","locations":[{"start":{"line":42,"column":4},"end":{"line":42,"column":27}}]},"3":{"loc":{"start":{"line":53,"column":4},"end":{"line":53,"column":56}},"type":"if","locations":[{"start":{"line":53,"column":4},"end":{"line":53,"column":56}}]},"4":{"loc":{"start":{"line":53,"column":8},"end":{"line":53,"column":42}},"type":"binary-expr","locations":[{"start":{"line":53,"column":8},"end":{"line":53,"column":13}},{"start":{"line":53,"column":17},"end":{"line":53,"column":42}}]},"5":{"loc":{"start":{"line":63,"column":4},"end":{"line":63,"column":27}},"type":"if","locations":[{"start":{"line":63,"column":4},"end":{"line":63,"column":27}}]},"6":{"loc":{"start":{"line":64,"column":11},"end":{"line":64,"column":21}},"type":"binary-expr","locations":[{"start":{"line":64,"column":11},"end":{"line":64,"column":15}},{"start":{"line":64,"column":19},"end":{"line":64,"column":21}}]},"7":{"loc":{"start":{"line":75,"column":4},"end":{"line":75,"column":27}},"type":"if","locations":[{"start":{"line":75,"column":4},"end":{"line":75,"column":27}}]},"8":{"loc":{"start":{"line":82,"column":4},"end":{"line":82,"column":27}},"type":"if","locations":[{"start":{"line":82,"column":4},"end":{"line":82,"column":27}}]},"9":{"loc":{"start":{"line":88,"column":4},"end":{"line":88,"column":27}},"type":"if","locations":[{"start":{"line":88,"column":4},"end":{"line":88,"column":27}}]},"10":{"loc":{"start":{"line":89,"column":11},"end":{"line":89,"column":21}},"type":"binary-expr","locations":[{"start":{"line":89,"column":11},"end":{"line":89,"column":15}},{"start":{"line":89,"column":19},"end":{"line":89,"column":21}}]}},"s":{"0":1,"1":1,"2":1,"3":1,"4":0,"5":0,"6":0,"7":0,"8":0,"9":0,"10":0,"11":0,"12":0,"13":0,"14":0,"15":0,"16":0,"17":0,"18":0,"19":0,"20":0,"21":0,"22":0,"23":0,"24":0,"25":0,"26":0,"27":0,"28":0,"29":0,"30":0,"31":0,"32":0,"33":0,"34":1,"35":1},"f":{"0":0,"1":0,"2":0,"3":0,"4":0,"5":0,"6":0,"7":0,"8":0},"b":{"0":[0],"1":[0,0],"2":[0],"3":[0],"4":[0,0],"5":[0],"6":[0,0],"7":[0],"8":[0],"9":[0],"10":[0,0]}}
,"/Users/bryan/Dev/percytech/backend/src/services/tcr-api.service.ts": {"path":"/Users/bryan/Dev/percytech/backend/src/services/tcr-api.service.ts","statementMap":{"0":{"start":{"line":1,"column":0},"end":{"line":1,"column":52}},"1":{"start":{"line":2,"column":0},"end":{"line":2,"column":47}},"2":{"start":{"line":45,"column":26},"end":{"line":194,"column":null}},"3":{"start":{"line":52,"column":22},"end":{"line":52,"column":37}},"4":{"start":{"line":46,"column":19},"end":{"line":46,"column":59}},"5":{"start":{"line":53,"column":4},"end":{"line":64,"column":6}},"6":{"start":{"line":68,"column":4},"end":{"line":68,"column":68}},"7":{"start":{"line":77,"column":19},"end":{"line":79,"column":33}},"8":{"start":{"line":80,"column":24},"end":{"line":80,"column":61}},"9":{"start":{"line":82,"column":4},"end":{"line":84,"column":6}},"10":{"start":{"line":85,"column":4},"end":{"line":85,"column":75}},"11":{"start":{"line":87,"column":4},"end":{"line":136,"column":null}},"12":{"start":{"line":88,"column":40},"end":{"line":97,"column":8}},"13":{"start":{"line":99,"column":6},"end":{"line":101,"column":null}},"14":{"start":{"line":100,"column":8},"end":{"line":100,"column":49}},"15":{"start":{"line":103,"column":23},"end":{"line":105,"column":null}},"16":{"start":{"line":107,"column":27},"end":{"line":107,"column":48}},"17":{"start":{"line":109,"column":6},"end":{"line":121,"column":null}},"18":{"start":{"line":110,"column":8},"end":{"line":114,"column":10}},"19":{"start":{"line":115,"column":8},"end":{"line":120,"column":10}},"20":{"start":{"line":123,"column":6},"end":{"line":123,"column":56}},"21":{"start":{"line":124,"column":6},"end":{"line":128,"column":8}},"22":{"start":{"line":130,"column":6},"end":{"line":130,"column":65}},"23":{"start":{"line":131,"column":6},"end":{"line":135,"column":8}},"24":{"start":{"line":140,"column":42},"end":{"line":159,"column":6}},"25":{"start":{"line":161,"column":4},"end":{"line":161,"column":61}},"26":{"start":{"line":168,"column":48},"end":{"line":176,"column":6}},"27":{"start":{"line":178,"column":4},"end":{"line":178,"column":67}},"28":{"start":{"line":185,"column":4},"end":{"line":185,"column":72}},"29":{"start":{"line":192,"column":4},"end":{"line":192,"column":78}},"30":{"start":{"line":45,"column":13},"end":{"line":194,"column":null}},"31":{"start":{"line":45,"column":13},"end":{"line":45,"column":26}}},"fnMap":{"0":{"name":"(anonymous_2)","decl":{"start":{"line":52,"column":2},"end":{"line":52,"column":22}},"loc":{"start":{"line":52,"column":50},"end":{"line":65,"column":3}}},"1":{"name":"(anonymous_3)","decl":{"start":{"line":67,"column":10},"end":{"line":67,"column":25}},"loc":{"start":{"line":67,"column":59},"end":{"line":69,"column":3}}},"2":{"name":"(anonymous_4)","decl":{"start":{"line":71,"column":10},"end":{"line":71,"column":15}},"loc":{"start":{"line":75,"column":19},"end":{"line":137,"column":3}}},"3":{"name":"(anonymous_5)","decl":{"start":{"line":139,"column":2},"end":{"line":139,"column":7}},"loc":{"start":{"line":139,"column":51},"end":{"line":162,"column":3}}},"4":{"name":"(anonymous_6)","decl":{"start":{"line":164,"column":2},"end":{"line":164,"column":7}},"loc":{"start":{"line":166,"column":21},"end":{"line":179,"column":3}}},"5":{"name":"(anonymous_7)","decl":{"start":{"line":181,"column":2},"end":{"line":181,"column":7}},"loc":{"start":{"line":183,"column":21},"end":{"line":186,"column":3}}},"6":{"name":"(anonymous_8)","decl":{"start":{"line":188,"column":2},"end":{"line":188,"column":7}},"loc":{"start":{"line":190,"column":21},"end":{"line":193,"column":3}}}},"branchMap":{"0":{"loc":{"start":{"line":74,"column":4},"end":{"line":74,"column":21}},"type":"default-arg","locations":[{"start":{"line":74,"column":17},"end":{"line":74,"column":21}}]},"1":{"loc":{"start":{"line":75,"column":4},"end":{"line":75,"column":19}},"type":"default-arg","locations":[{"start":{"line":75,"column":13},"end":{"line":75,"column":19}}]},"2":{"loc":{"start":{"line":77,"column":19},"end":{"line":79,"column":33}},"type":"cond-expr","locations":[{"start":{"line":78,"column":8},"end":{"line":78,"column":30}},{"start":{"line":79,"column":8},"end":{"line":79,"column":33}}]},"3":{"loc":{"start":{"line":80,"column":24},"end":{"line":80,"column":61}},"type":"cond-expr","locations":[{"start":{"line":80,"column":37},"end":{"line":80,"column":46}},{"start":{"line":80,"column":49},"end":{"line":80,"column":61}}]},"4":{"loc":{"start":{"line":99,"column":6},"end":{"line":101,"column":null}},"type":"if","locations":[{"start":{"line":99,"column":6},"end":{"line":101,"column":null}}]},"5":{"loc":{"start":{"line":109,"column":6},"end":{"line":121,"column":null}},"type":"if","locations":[{"start":{"line":109,"column":6},"end":{"line":121,"column":null}}]},"6":{"loc":{"start":{"line":118,"column":17},"end":{"line":118,"column":78}},"type":"binary-expr","locations":[{"start":{"line":118,"column":17},"end":{"line":118,"column":35}},{"start":{"line":118,"column":39},"end":{"line":118,"column":59}},{"start":{"line":118,"column":63},"end":{"line":118,"column":78}}]},"7":{"loc":{"start":{"line":139,"column":34},"end":{"line":139,"column":51}},"type":"default-arg","locations":[{"start":{"line":139,"column":47},"end":{"line":139,"column":51}}]},"8":{"loc":{"start":{"line":166,"column":4},"end":{"line":166,"column":21}},"type":"default-arg","locations":[{"start":{"line":166,"column":17},"end":{"line":166,"column":21}}]},"9":{"loc":{"start":{"line":183,"column":4},"end":{"line":183,"column":21}},"type":"default-arg","locations":[{"start":{"line":183,"column":17},"end":{"line":183,"column":21}}]},"10":{"loc":{"start":{"line":190,"column":4},"end":{"line":190,"column":21}},"type":"default-arg","locations":[{"start":{"line":190,"column":17},"end":{"line":190,"column":21}}]}},"s":{"0":0,"1":0,"2":0,"3":0,"4":0,"5":0,"6":0,"7":0,"8":0,"9":0,"10":0,"11":0,"12":0,"13":0,"14":0,"15":0,"16":0,"17":0,"18":0,"19":0,"20":0,"21":0,"22":0,"23":0,"24":0,"25":0,"26":0,"27":0,"28":0,"29":0,"30":0,"31":0},"f":{"0":0,"1":0,"2":0,"3":0,"4":0,"5":0,"6":0},"b":{"0":[0],"1":[0],"2":[0,0],"3":[0,0],"4":[0],"5":[0],"6":[0,0,0],"7":[0],"8":[0],"9":[0],"10":[0]}}
,"/Users/bryan/Dev/percytech/backend/src/services/user.service.ts": {"path":"/Users/bryan/Dev/percytech/backend/src/services/user.service.ts","statementMap":{"0":{"start":{"line":1,"column":0},"end":{"line":1,"column":71}},"1":{"start":{"line":2,"column":0},"end":{"line":2,"column":53}},"2":{"start":{"line":6,"column":24},"end":{"line":94,"column":null}},"3":{"start":{"line":9,"column":31},"end":{"line":9,"column":48}},"4":{"start":{"line":7,"column":19},"end":{"line":7,"column":57}},"5":{"start":{"line":12,"column":4},"end":{"line":12,"column":56}},"6":{"start":{"line":14,"column":17},"end":{"line":17,"column":null}},"7":{"start":{"line":20,"column":4},"end":{"line":20,"column":48}},"8":{"start":{"line":21,"column":4},"end":{"line":21,"column":16}},"9":{"start":{"line":25,"column":17},"end":{"line":25,"column":71}},"10":{"start":{"line":27,"column":4},"end":{"line":29,"column":null}},"11":{"start":{"line":28,"column":6},"end":{"line":28,"column":66}},"12":{"start":{"line":31,"column":4},"end":{"line":31,"column":16}},"13":{"start":{"line":35,"column":28},"end":{"line":40,"column":15}},"14":{"start":{"line":42,"column":4},"end":{"line":42,"column":56}},"15":{"start":{"line":42,"column":44},"end":{"line":42,"column":56}},"16":{"start":{"line":43,"column":4},"end":{"line":43,"column":16}},"17":{"start":{"line":47,"column":28},"end":{"line":52,"column":15}},"18":{"start":{"line":54,"column":4},"end":{"line":54,"column":56}},"19":{"start":{"line":54,"column":44},"end":{"line":54,"column":56}},"20":{"start":{"line":55,"column":4},"end":{"line":55,"column":16}},"21":{"start":{"line":59,"column":4},"end":{"line":59,"column":44}},"22":{"start":{"line":61,"column":17},"end":{"line":63,"column":null}},"23":{"start":{"line":66,"column":4},"end":{"line":66,"column":43}},"24":{"start":{"line":67,"column":4},"end":{"line":67,"column":16}},"25":{"start":{"line":71,"column":4},"end":{"line":71,"column":43}},"26":{"start":{"line":75,"column":4},"end":{"line":75,"column":44}},"27":{"start":{"line":76,"column":4},"end":{"line":76,"column":51}},"28":{"start":{"line":77,"column":4},"end":{"line":77,"column":43}},"29":{"start":{"line":81,"column":4},"end":{"line":81,"column":55}},"30":{"start":{"line":85,"column":28},"end":{"line":89,"column":55}},"31":{"start":{"line":91,"column":4},"end":{"line":91,"column":27}},"32":{"start":{"line":91,"column":15},"end":{"line":91,"column":27}},"33":{"start":{"line":92,"column":4},"end":{"line":92,"column":22}},"34":{"start":{"line":6,"column":13},"end":{"line":94,"column":null}},"35":{"start":{"line":6,"column":13},"end":{"line":6,"column":24}}},"fnMap":{"0":{"name":"(anonymous_2)","decl":{"start":{"line":9,"column":2},"end":{"line":9,"column":31}},"loc":{"start":{"line":9,"column":63},"end":{"line":9,"column":67}}},"1":{"name":"(anonymous_3)","decl":{"start":{"line":11,"column":2},"end":{"line":11,"column":7}},"loc":{"start":{"line":11,"column":42},"end":{"line":22,"column":3}}},"2":{"name":"(anonymous_4)","decl":{"start":{"line":24,"column":2},"end":{"line":24,"column":7}},"loc":{"start":{"line":24,"column":31},"end":{"line":32,"column":3}}},"3":{"name":"(anonymous_5)","decl":{"start":{"line":34,"column":2},"end":{"line":34,"column":7}},"loc":{"start":{"line":34,"column":37},"end":{"line":44,"column":3}}},"4":{"name":"(anonymous_6)","decl":{"start":{"line":46,"column":2},"end":{"line":46,"column":7}},"loc":{"start":{"line":46,"column":51},"end":{"line":56,"column":3}}},"5":{"name":"(anonymous_7)","decl":{"start":{"line":58,"column":2},"end":{"line":58,"column":7}},"loc":{"start":{"line":58,"column":56},"end":{"line":68,"column":3}}},"6":{"name":"(anonymous_8)","decl":{"start":{"line":70,"column":2},"end":{"line":70,"column":7}},"loc":{"start":{"line":70,"column":55},"end":{"line":72,"column":3}}},"7":{"name":"(anonymous_9)","decl":{"start":{"line":74,"column":2},"end":{"line":74,"column":7}},"loc":{"start":{"line":74,"column":29},"end":{"line":78,"column":3}}},"8":{"name":"(anonymous_10)","decl":{"start":{"line":80,"column":2},"end":{"line":80,"column":7}},"loc":{"start":{"line":80,"column":19},"end":{"line":82,"column":3}}},"9":{"name":"(anonymous_11)","decl":{"start":{"line":84,"column":2},"end":{"line":84,"column":7}},"loc":{"start":{"line":84,"column":33},"end":{"line":93,"column":3}}}},"branchMap":{"0":{"loc":{"start":{"line":27,"column":4},"end":{"line":29,"column":null}},"type":"if","locations":[{"start":{"line":27,"column":4},"end":{"line":29,"column":null}}]},"1":{"loc":{"start":{"line":42,"column":4},"end":{"line":42,"column":56}},"type":"if","locations":[{"start":{"line":42,"column":4},"end":{"line":42,"column":56}}]},"2":{"loc":{"start":{"line":42,"column":8},"end":{"line":42,"column":42}},"type":"binary-expr","locations":[{"start":{"line":42,"column":8},"end":{"line":42,"column":13}},{"start":{"line":42,"column":17},"end":{"line":42,"column":42}}]},"3":{"loc":{"start":{"line":54,"column":4},"end":{"line":54,"column":56}},"type":"if","locations":[{"start":{"line":54,"column":4},"end":{"line":54,"column":56}}]},"4":{"loc":{"start":{"line":54,"column":8},"end":{"line":54,"column":42}},"type":"binary-expr","locations":[{"start":{"line":54,"column":8},"end":{"line":54,"column":13}},{"start":{"line":54,"column":17},"end":{"line":54,"column":42}}]},"5":{"loc":{"start":{"line":91,"column":4},"end":{"line":91,"column":27}},"type":"if","locations":[{"start":{"line":91,"column":4},"end":{"line":91,"column":27}}]},"6":{"loc":{"start":{"line":92,"column":11},"end":{"line":92,"column":21}},"type":"binary-expr","locations":[{"start":{"line":92,"column":11},"end":{"line":92,"column":15}},{"start":{"line":92,"column":19},"end":{"line":92,"column":21}}]}},"s":{"0":1,"1":1,"2":1,"3":12,"4":12,"5":2,"6":2,"7":1,"8":1,"9":2,"10":2,"11":1,"12":1,"13":2,"14":2,"15":0,"16":2,"17":0,"18":0,"19":0,"20":0,"21":2,"22":2,"23":2,"24":2,"25":1,"26":1,"27":1,"28":1,"29":1,"30":2,"31":2,"32":1,"33":1,"34":1,"35":1},"f":{"0":12,"1":2,"2":2,"3":2,"4":0,"5":2,"6":1,"7":1,"8":1,"9":2},"b":{"0":[1],"1":[0],"2":[2,1],"3":[0],"4":[0,0],"5":[1],"6":[1,0]}}
}
