TN:
SF:src/app.controller.ts
FN:6,(anonymous_2)
FN:9,(anonymous_3)
FNF:2
FNH:2
FNDA:1,(anonymous_2)
FNDA:1,(anonymous_3)
DA:1,1
DA:2,1
DA:5,1
DA:6,1
DA:8,1
DA:10,1
LF:6
LH:6
BRF:0
BRH:0
end_of_record
TN:
SF:src/app.module.ts
FNF:0
FNH:0
DA:1,0
DA:2,0
DA:3,0
DA:4,0
DA:7,0
DA:8,0
DA:9,0
DA:10,0
DA:11,0
DA:12,0
DA:13,0
DA:16,0
DA:17,0
DA:18,0
DA:19,0
DA:46,0
LF:16
LH:0
BRF:0
BRH:0
end_of_record
TN:
SF:src/app.service.ts
FN:5,(anonymous_1)
FNF:1
FNH:1
FNDA:1,(anonymous_1)
DA:1,1
DA:4,1
DA:6,1
LF:3
LH:3
BRF:0
BRH:0
end_of_record
TN:
SF:src/main.ts
FN:5,bootstrap
FNF:1
FNH:0
FNDA:0,bootstrap
DA:1,0
DA:2,0
DA:3,0
DA:6,0
DA:9,0
DA:15,0
DA:24,0
DA:26,0
DA:27,0
DA:29,0
DA:30,0
DA:34,0
LF:12
LH:0
BRDA:10,0,0,0
BRDA:10,0,1,0
BRDA:26,1,0,0
BRDA:26,1,1,0
BRDA:31,2,0,0
BRDA:31,2,1,0
BRF:6
BRH:0
end_of_record
TN:
SF:src/controllers/brand.controller.ts
FN:18,(anonymous_4)
FN:22,(anonymous_5)
FN:27,(anonymous_6)
FN:32,(anonymous_7)
FN:37,(anonymous_8)
FN:42,(anonymous_9)
FN:50,(anonymous_10)
FN:59,(anonymous_11)
FN:64,(anonymous_12)
FN:73,(anonymous_13)
FNF:10
FNH:0
FNDA:0,(anonymous_4)
FNDA:0,(anonymous_5)
FNDA:0,(anonymous_6)
FNDA:0,(anonymous_7)
FNDA:0,(anonymous_8)
FNDA:0,(anonymous_9)
FNDA:0,(anonymous_10)
FNDA:0,(anonymous_11)
FNDA:0,(anonymous_12)
FNDA:0,(anonymous_13)
DA:1,0
DA:13,0
DA:14,0
DA:17,0
DA:18,0
DA:22,0
DA:23,0
DA:27,0
DA:28,0
DA:32,0
DA:33,0
DA:37,0
DA:38,0
DA:42,0
DA:46,0
DA:50,0
DA:54,0
DA:59,0
DA:60,0
DA:64,0
DA:68,0
DA:69,0
DA:73,0
DA:77,0
DA:78,0
LF:25
LH:0
BRDA:66,0,0,0
BRDA:75,1,0,0
BRF:2
BRH:0
end_of_record
TN:
SF:src/controllers/campaign.controller.ts
FN:18,(anonymous_4)
FN:22,(anonymous_5)
FN:29,(anonymous_6)
FN:34,(anonymous_7)
FN:41,(anonymous_8)
FN:48,(anonymous_9)
FN:53,(anonymous_10)
FN:61,(anonymous_11)
FN:70,(anonymous_12)
FN:75,(anonymous_13)
FN:84,(anonymous_14)
FNF:11
FNH:0
FNDA:0,(anonymous_4)
FNDA:0,(anonymous_5)
FNDA:0,(anonymous_6)
FNDA:0,(anonymous_7)
FNDA:0,(anonymous_8)
FNDA:0,(anonymous_9)
FNDA:0,(anonymous_10)
FNDA:0,(anonymous_11)
FNDA:0,(anonymous_12)
FNDA:0,(anonymous_13)
FNDA:0,(anonymous_14)
DA:1,0
DA:13,0
DA:14,0
DA:17,0
DA:18,0
DA:22,0
DA:25,0
DA:29,0
DA:30,0
DA:34,0
DA:37,0
DA:41,0
DA:44,0
DA:48,0
DA:49,0
DA:53,0
DA:57,0
DA:61,0
DA:65,0
DA:70,0
DA:71,0
DA:75,0
DA:79,0
DA:80,0
DA:84,0
DA:88,0
DA:89,0
LF:27
LH:0
BRDA:77,0,0,0
BRDA:86,1,0,0
BRF:2
BRH:0
end_of_record
TN:
SF:src/controllers/index.ts
FNF:0
FNH:0
DA:1,0
DA:2,0
DA:3,0
DA:4,0
LF:4
LH:0
BRF:0
BRH:0
end_of_record
TN:
SF:src/controllers/lead.controller.ts
FN:20,(anonymous_4)
FN:26,(anonymous_5)
FN:34,(anonymous_6)
FN:48,(anonymous_7)
FN:56,(anonymous_8)
FN:64,(anonymous_9)
FN:72,(anonymous_10)
FN:90,(anonymous_11)
FN:98,(anonymous_12)
FN:109,(anonymous_13)
FN:120,(anonymous_14)
FN:131,(anonymous_15)
FNF:12
FNH:0
FNDA:0,(anonymous_4)
FNDA:0,(anonymous_5)
FNDA:0,(anonymous_6)
FNDA:0,(anonymous_7)
FNDA:0,(anonymous_8)
FNDA:0,(anonymous_9)
FNDA:0,(anonymous_10)
FNDA:0,(anonymous_11)
FNDA:0,(anonymous_12)
FNDA:0,(anonymous_13)
FNDA:0,(anonymous_14)
FNDA:0,(anonymous_15)
DA:1,0
DA:11,0
DA:16,0
DA:19,0
DA:20,0
DA:26,0
DA:27,0
DA:34,0
DA:38,0
DA:48,0
DA:49,0
DA:56,0
DA:57,0
DA:64,0
DA:65,0
DA:72,0
DA:78,0
DA:90,0
DA:91,0
DA:98,0
DA:102,0
DA:109,0
DA:113,0
DA:120,0
DA:124,0
DA:131,0
DA:134,0
LF:27
LH:0
BRF:0
BRH:0
end_of_record
TN:
SF:src/controllers/user.controller.ts
FN:18,(anonymous_4)
FN:22,(anonymous_5)
FN:27,(anonymous_6)
FN:32,(anonymous_7)
FN:37,(anonymous_8)
FN:42,(anonymous_9)
FN:47,(anonymous_10)
FN:54,(anonymous_11)
FN:62,(anonymous_12)
FN:71,(anonymous_13)
FNF:10
FNH:0
FNDA:0,(anonymous_4)
FNDA:0,(anonymous_5)
FNDA:0,(anonymous_6)
FNDA:0,(anonymous_7)
FNDA:0,(anonymous_8)
FNDA:0,(anonymous_9)
FNDA:0,(anonymous_10)
FNDA:0,(anonymous_11)
FNDA:0,(anonymous_12)
FNDA:0,(anonymous_13)
DA:1,0
DA:13,0
DA:14,0
DA:17,0
DA:18,0
DA:22,0
DA:23,0
DA:27,0
DA:28,0
DA:32,0
DA:33,0
DA:37,0
DA:38,0
DA:42,0
DA:43,0
DA:47,0
DA:50,0
DA:54,0
DA:58,0
DA:62,0
DA:66,0
DA:71,0
DA:72,0
LF:23
LH:0
BRF:0
BRH:0
end_of_record
TN:
SF:src/entities/brand.entity.ts
FN:3,(anonymous_2)
FN:11,(anonymous_3)
FN:42,(anonymous_4)
FNF:3
FNH:3
FNDA:1,(anonymous_2)
FNDA:1,(anonymous_3)
FNDA:1,(anonymous_4)
DA:1,1
DA:3,1
DA:4,1
DA:5,1
DA:6,1
DA:7,1
DA:8,1
DA:11,1
DA:12,1
DA:13,1
DA:14,1
DA:15,1
DA:16,1
DA:17,1
DA:18,1
DA:19,1
DA:20,1
DA:21,1
DA:22,1
DA:23,1
DA:24,1
DA:25,1
DA:26,1
DA:27,1
DA:28,1
DA:29,1
DA:30,1
DA:31,1
DA:32,1
DA:33,1
DA:34,1
DA:35,1
DA:36,1
DA:37,1
DA:38,1
DA:39,1
DA:42,1
DA:43,1
DA:44,1
DA:45,1
DA:46,1
DA:49,1
DA:50,1
DA:53,1
DA:56,1
DA:59,1
DA:62,1
DA:65,1
DA:68,1
DA:71,1
DA:74,1
DA:77,1
DA:80,1
DA:84,1
DA:87,1
DA:90,1
DA:93,1
DA:96,1
DA:100,1
DA:104,1
DA:108,1
DA:112,1
DA:116,1
DA:119,1
DA:122,1
LF:65
LH:65
BRDA:3,0,0,1
BRDA:3,0,1,1
BRDA:11,1,0,1
BRDA:11,1,1,1
BRDA:42,2,0,1
BRDA:42,2,1,1
BRF:6
BRH:6
end_of_record
TN:
SF:src/entities/campaign.entity.ts
FN:3,(anonymous_2)
FNF:1
FNH:1
FNDA:1,(anonymous_2)
DA:1,1
DA:3,1
DA:4,1
DA:5,1
DA:6,1
DA:7,1
DA:8,1
DA:11,1
DA:12,1
DA:15,1
DA:18,1
DA:21,1
DA:24,1
DA:27,1
DA:30,1
DA:33,1
DA:36,1
DA:39,1
DA:42,1
DA:45,1
DA:48,1
LF:21
LH:21
BRDA:3,0,0,1
BRDA:3,0,1,1
BRF:2
BRH:2
end_of_record
TN:
SF:src/entities/index.ts
FNF:0
FNH:0
DA:1,1
DA:2,1
DA:3,1
DA:4,1
DA:5,1
DA:6,1
DA:7,1
DA:8,1
DA:9,1
LF:9
LH:9
BRF:0
BRH:0
end_of_record
TN:
SF:src/entities/lead-activity.entity.ts
FN:3,(anonymous_2)
FN:18,(anonymous_3)
FNF:2
FNH:2
FNDA:1,(anonymous_2)
FNDA:1,(anonymous_3)
DA:1,1
DA:3,1
DA:4,1
DA:5,1
DA:6,1
DA:7,1
DA:8,1
DA:9,1
DA:10,1
DA:11,1
DA:12,1
DA:13,1
DA:14,1
DA:15,1
DA:18,1
DA:19,1
DA:20,1
DA:21,1
DA:22,1
DA:23,1
DA:26,1
DA:29,1
DA:32,1
DA:35,1
DA:38,1
DA:41,1
DA:45,1
DA:49,1
DA:53,1
DA:57,1
DA:61,1
DA:65,1
DA:69,1
DA:73,1
LF:34
LH:34
BRDA:3,0,0,1
BRDA:3,0,1,1
BRDA:18,1,0,1
BRDA:18,1,1,1
BRF:4
BRH:4
end_of_record
TN:
SF:src/entities/lead.entity.ts
FN:3,(anonymous_2)
FN:13,(anonymous_3)
FN:21,(anonymous_4)
FNF:3
FNH:3
FNDA:1,(anonymous_2)
FNDA:1,(anonymous_3)
FNDA:1,(anonymous_4)
DA:1,1
DA:3,1
DA:4,1
DA:5,1
DA:6,1
DA:7,1
DA:8,1
DA:9,1
DA:10,1
DA:13,1
DA:14,1
DA:15,1
DA:16,1
DA:17,1
DA:18,1
DA:21,1
DA:22,1
DA:23,1
DA:24,1
DA:25,1
DA:28,1
DA:31,1
DA:34,1
DA:37,1
DA:40,1
DA:44,1
DA:48,1
DA:52,1
DA:56,1
DA:60,1
DA:64,1
DA:68,1
DA:72,1
DA:75,1
DA:78,1
DA:81,1
DA:85,1
DA:89,1
DA:93,1
DA:97,1
DA:101,1
DA:105,1
LF:42
LH:42
BRDA:3,0,0,1
BRDA:3,0,1,1
BRDA:13,1,0,1
BRDA:13,1,1,1
BRDA:21,2,0,1
BRDA:21,2,1,1
BRF:6
BRH:6
end_of_record
TN:
SF:src/entities/onboarding.entity.ts
FN:3,(anonymous_2)
FN:12,(anonymous_3)
FNF:2
FNH:2
FNDA:1,(anonymous_2)
FNDA:1,(anonymous_3)
DA:1,1
DA:3,1
DA:4,1
DA:5,1
DA:6,1
DA:7,1
DA:8,1
DA:9,1
DA:12,1
DA:13,1
DA:14,1
DA:15,1
DA:16,1
DA:19,1
DA:20,1
DA:23,1
DA:26,1
DA:29,1
DA:32,1
DA:35,1
DA:38,1
DA:41,1
DA:44,1
DA:47,1
DA:50,1
LF:25
LH:25
BRDA:3,0,0,1
BRDA:3,0,1,1
BRDA:12,1,0,1
BRDA:12,1,1,1
BRF:4
BRH:4
end_of_record
TN:
SF:src/entities/payment.entity.ts
FN:3,(anonymous_2)
FN:11,(anonymous_3)
FNF:2
FNH:2
FNDA:1,(anonymous_2)
FNDA:1,(anonymous_3)
DA:1,1
DA:3,1
DA:4,1
DA:5,1
DA:6,1
DA:7,1
DA:8,1
DA:11,1
DA:12,1
DA:13,1
DA:14,1
DA:17,1
DA:18,1
DA:21,1
DA:24,1
DA:27,1
DA:30,1
DA:33,1
DA:36,1
DA:40,1
DA:43,1
LF:21
LH:21
BRDA:3,0,0,1
BRDA:3,0,1,1
BRDA:11,1,0,1
BRDA:11,1,1,1
BRF:4
BRH:4
end_of_record
TN:
SF:src/entities/profile.entity.ts
FNF:0
FNH:0
DA:1,1
DA:3,1
DA:4,1
DA:7,1
DA:10,1
DA:13,1
DA:16,1
DA:19,1
DA:22,1
DA:25,1
DA:28,1
DA:31,1
DA:34,1
DA:37,1
DA:40,1
LF:15
LH:15
BRF:0
BRH:0
end_of_record
TN:
SF:src/entities/tcr-registration.entity.ts
FN:3,(anonymous_2)
FNF:1
FNH:1
FNDA:1,(anonymous_2)
DA:1,1
DA:3,1
DA:4,1
DA:5,1
DA:6,1
DA:7,1
DA:8,1
DA:11,1
DA:12,1
DA:15,1
DA:18,1
DA:21,1
DA:24,1
DA:28,1
DA:32,1
DA:35,1
DA:39,1
DA:43,1
DA:46,1
LF:19
LH:19
BRDA:3,0,0,1
BRDA:3,0,1,1
BRF:2
BRH:2
end_of_record
TN:
SF:src/entities/user.entity.ts
FN:9,(anonymous_2)
FNF:1
FNH:1
FNDA:1,(anonymous_2)
DA:1,1
DA:9,1
DA:10,1
DA:11,1
DA:12,1
DA:13,1
DA:14,1
DA:17,1
DA:18,1
DA:21,1
DA:24,1
DA:28,1
DA:32,1
DA:35,1
DA:38,1
LF:15
LH:15
BRDA:9,0,0,1
BRDA:9,0,1,1
BRF:2
BRH:2
end_of_record
TN:
SF:src/services/brand.service.ts
FN:10,(anonymous_2)
FN:15,(anonymous_3)
FN:29,(anonymous_4)
FN:39,(anonymous_5)
FN:43,(anonymous_6)
FN:47,(anonymous_7)
FN:59,(anonymous_8)
FN:63,(anonymous_9)
FN:69,(anonymous_10)
FN:94,(anonymous_11)
FNF:10
FNH:0
FNDA:0,(anonymous_2)
FNDA:0,(anonymous_3)
FNDA:0,(anonymous_4)
FNDA:0,(anonymous_5)
FNDA:0,(anonymous_6)
FNDA:0,(anonymous_7)
FNDA:0,(anonymous_8)
FNDA:0,(anonymous_9)
FNDA:0,(anonymous_10)
FNDA:0,(anonymous_11)
DA:1,0
DA:2,0
DA:3,0
DA:4,0
DA:7,0
DA:8,0
DA:11,0
DA:12,0
DA:16,0
DA:18,0
DA:25,0
DA:26,0
DA:30,0
DA:32,0
DA:33,0
DA:36,0
DA:40,0
DA:44,0
DA:48,0
DA:50,0
DA:55,0
DA:56,0
DA:60,0
DA:64,0
DA:65,0
DA:66,0
DA:70,0
DA:72,0
DA:73,0
DA:75,0
DA:76,0
DA:80,0
DA:82,0
DA:86,0
DA:91,0
DA:95,0
LF:36
LH:0
BRDA:32,0,0,0
BRDA:69,1,0,0
BRDA:75,2,0,0
BRDA:75,2,1,0
BRDA:94,3,0,0
BRF:5
BRH:0
end_of_record
TN:
SF:src/services/campaign.service.ts
FN:10,(anonymous_2)
FN:15,(anonymous_3)
FN:29,(anonymous_4)
FN:42,(anonymous_5)
FN:46,(anonymous_6)
FN:57,(anonymous_7)
FN:61,(anonymous_8)
FN:80,(anonymous_9)
FN:87,(anonymous_10)
FN:93,(anonymous_11)
FN:124,(anonymous_12)
FNF:11
FNH:0
FNDA:0,(anonymous_2)
FNDA:0,(anonymous_3)
FNDA:0,(anonymous_4)
FNDA:0,(anonymous_5)
FNDA:0,(anonymous_6)
FNDA:0,(anonymous_7)
FNDA:0,(anonymous_8)
FNDA:0,(anonymous_9)
FNDA:0,(anonymous_10)
FNDA:0,(anonymous_11)
FNDA:0,(anonymous_12)
DA:1,0
DA:2,0
DA:3,0
DA:4,0
DA:7,0
DA:8,0
DA:11,0
DA:12,0
DA:16,0
DA:18,0
DA:25,0
DA:26,0
DA:30,0
DA:35,0
DA:36,0
DA:39,0
DA:43,0
DA:47,0
DA:53,0
DA:54,0
DA:58,0
DA:65,0
DA:67,0
DA:76,0
DA:77,0
DA:84,0
DA:88,0
DA:89,0
DA:90,0
DA:97,0
DA:99,0
DA:100,0
DA:105,0
DA:106,0
DA:110,0
DA:112,0
DA:116,0
DA:121,0
DA:128,0
LF:39
LH:0
BRDA:35,0,0,0
BRDA:53,1,0,0
BRDA:54,2,0,0
BRDA:54,2,1,0
BRDA:95,3,0,0
BRDA:105,4,0,0
BRDA:105,4,1,0
BRDA:126,5,0,0
BRF:8
BRH:0
end_of_record
TN:
SF:src/services/hubspot.service.ts
FN:43,(anonymous_2)
FN:54,(anonymous_3)
FN:83,(anonymous_4)
FN:116,(anonymous_5)
FN:169,(anonymous_6)
FN:218,(anonymous_7)
FN:245,(anonymous_8)
FNF:7
FNH:0
FNDA:0,(anonymous_2)
FNDA:0,(anonymous_3)
FNDA:0,(anonymous_4)
FNDA:0,(anonymous_5)
FNDA:0,(anonymous_6)
FNDA:0,(anonymous_7)
FNDA:0,(anonymous_8)
DA:1,0
DA:2,0
DA:38,0
DA:39,0
DA:41,0
DA:43,0
DA:44,0
DA:46,0
DA:47,0
DA:57,0
DA:58,0
DA:59,0
DA:63,0
DA:65,0
DA:67,0
DA:68,0
DA:71,0
DA:72,0
DA:75,0
DA:76,0
DA:84,0
DA:85,0
DA:86,0
DA:89,0
DA:100,0
DA:101,0
DA:102,0
DA:105,0
DA:106,0
DA:108,0
DA:109,0
DA:120,0
DA:121,0
DA:122,0
DA:125,0
DA:153,0
DA:154,0
DA:155,0
DA:158,0
DA:159,0
DA:161,0
DA:162,0
DA:172,0
DA:173,0
DA:199,0
DA:200,0
DA:203,0
DA:204,0
DA:205,0
DA:208,0
DA:210,0
DA:211,0
DA:222,0
DA:236,0
DA:237,0
DA:238,0
DA:248,0
DA:259,0
DA:260,0
DA:261,0
DA:264,0
DA:265,0
LF:62
LH:0
BRDA:46,0,0,0
BRDA:58,1,0,0
BRDA:65,2,0,0
BRDA:65,2,1,0
BRDA:85,3,0,0
BRDA:100,4,0,0
BRDA:121,5,0,0
BRDA:153,6,0,0
BRDA:199,7,0,0
BRDA:204,8,0,0
BRDA:204,9,0,0
BRDA:204,9,1,0
BRDA:236,10,0,0
BRDA:259,11,0,0
BRF:14
BRH:0
end_of_record
TN:
SF:src/services/index.ts
FNF:0
FNH:0
DA:1,0
DA:2,0
DA:3,0
DA:4,0
DA:5,0
DA:6,0
DA:7,0
LF:7
LH:0
BRF:0
BRH:0
end_of_record
TN:
SF:src/services/lead.service.ts
FN:48,(anonymous_2)
FN:56,(anonymous_3)
FN:116,(anonymous_4)
FN:173,(anonymous_5)
FN:180,(anonymous_6)
FN:195,(anonymous_7)
FN:202,(anonymous_8)
FN:212,(anonymous_9)
FN:222,(anonymous_10)
FN:232,(anonymous_11)
FN:265,(anonymous_12)
FNF:11
FNH:0
FNDA:0,(anonymous_2)
FNDA:0,(anonymous_3)
FNDA:0,(anonymous_4)
FNDA:0,(anonymous_5)
FNDA:0,(anonymous_6)
FNDA:0,(anonymous_7)
FNDA:0,(anonymous_8)
FNDA:0,(anonymous_9)
FNDA:0,(anonymous_10)
FNDA:0,(anonymous_11)
FNDA:0,(anonymous_12)
DA:1,0
DA:2,0
DA:3,0
DA:4,0
DA:10,0
DA:45,0
DA:46,0
DA:49,0
DA:50,0
DA:57,0
DA:59,0
DA:68,0
DA:77,0
DA:78,0
DA:95,0
DA:100,0
DA:102,0
DA:106,0
DA:108,0
DA:109,0
DA:119,0
DA:120,0
DA:131,0
DA:136,0
DA:137,0
DA:138,0
DA:150,0
DA:155,0
DA:159,0
DA:163,0
DA:165,0
DA:166,0
DA:174,0
DA:181,0
DA:188,0
DA:189,0
DA:196,0
DA:203,0
DA:213,0
DA:223,0
DA:238,0
DA:244,0
DA:245,0
DA:247,0
DA:248,0
DA:250,0
DA:251,0
DA:253,0
DA:254,0
DA:257,0
DA:258,0
DA:259,0
DA:266,0
DA:275,0
DA:276,0
LF:55
LH:0
BRDA:62,0,0,0
BRDA:62,0,1,0
BRDA:136,1,0,0
BRDA:136,2,0,0
BRDA:136,2,1,0
BRDA:188,3,0,0
BRDA:188,4,0,0
BRDA:188,4,1,0
BRDA:244,5,0,0
BRDA:244,6,0,0
BRDA:244,6,1,0
BRDA:244,7,0,0
BRDA:244,7,1,0
BRDA:247,8,0,0
BRDA:247,9,0,0
BRDA:247,9,1,0
BRDA:247,10,0,0
BRDA:247,10,1,0
BRDA:250,11,0,0
BRDA:250,12,0,0
BRDA:250,12,1,0
BRDA:250,13,0,0
BRDA:250,13,1,0
BRDA:253,14,0,0
BRDA:253,15,0,0
BRDA:253,15,1,0
BRDA:253,16,0,0
BRDA:253,16,1,0
BRDA:258,17,0,0
BRDA:259,18,0,0
BRDA:259,18,1,0
BRDA:275,19,0,0
BRDA:276,20,0,0
BRDA:276,20,1,0
BRF:34
BRH:0
end_of_record
TN:
SF:src/services/supabase.service.ts
FN:9,(anonymous_2)
FN:11,(anonymous_3)
FN:30,(anonymous_4)
FN:35,(anonymous_5)
FN:46,(anonymous_6)
FN:57,(anonymous_7)
FN:67,(anonymous_8)
FN:79,(anonymous_9)
FN:85,(anonymous_10)
FNF:9
FNH:0
FNDA:0,(anonymous_2)
FNDA:0,(anonymous_3)
FNDA:0,(anonymous_4)
FNDA:0,(anonymous_5)
FNDA:0,(anonymous_6)
FNDA:0,(anonymous_7)
FNDA:0,(anonymous_8)
FNDA:0,(anonymous_9)
FNDA:0,(anonymous_10)
DA:1,1
DA:2,1
DA:3,1
DA:6,1
DA:9,0
DA:13,0
DA:17,0
DA:21,0
DA:22,0
DA:27,0
DA:31,0
DA:36,0
DA:42,0
DA:43,0
DA:47,0
DA:53,0
DA:54,0
DA:58,0
DA:63,0
DA:64,0
DA:68,0
DA:75,0
DA:76,0
DA:80,0
DA:82,0
DA:86,0
DA:88,0
DA:89,0
LF:28
LH:4
BRDA:21,0,0,0
BRDA:21,1,0,0
BRDA:21,1,1,0
BRDA:42,2,0,0
BRDA:53,3,0,0
BRDA:53,4,0,0
BRDA:53,4,1,0
BRDA:63,5,0,0
BRDA:64,6,0,0
BRDA:64,6,1,0
BRDA:75,7,0,0
BRDA:82,8,0,0
BRDA:88,9,0,0
BRDA:89,10,0,0
BRDA:89,10,1,0
BRF:15
BRH:0
end_of_record
TN:
SF:src/services/tcr-api.service.ts
FN:52,(anonymous_2)
FN:67,(anonymous_3)
FN:71,(anonymous_4)
FN:139,(anonymous_5)
FN:164,(anonymous_6)
FN:181,(anonymous_7)
FN:188,(anonymous_8)
FNF:7
FNH:0
FNDA:0,(anonymous_2)
FNDA:0,(anonymous_3)
FNDA:0,(anonymous_4)
FNDA:0,(anonymous_5)
FNDA:0,(anonymous_6)
FNDA:0,(anonymous_7)
FNDA:0,(anonymous_8)
DA:1,0
DA:2,0
DA:45,0
DA:46,0
DA:52,0
DA:53,0
DA:68,0
DA:77,0
DA:80,0
DA:82,0
DA:85,0
DA:87,0
DA:88,0
DA:99,0
DA:100,0
DA:103,0
DA:107,0
DA:109,0
DA:110,0
DA:115,0
DA:123,0
DA:124,0
DA:130,0
DA:131,0
DA:140,0
DA:161,0
DA:168,0
DA:178,0
DA:185,0
DA:192,0
LF:30
LH:0
BRDA:74,0,0,0
BRDA:75,1,0,0
BRDA:77,2,0,0
BRDA:77,2,1,0
BRDA:80,3,0,0
BRDA:80,3,1,0
BRDA:99,4,0,0
BRDA:109,5,0,0
BRDA:118,6,0,0
BRDA:118,6,1,0
BRDA:118,6,2,0
BRDA:139,7,0,0
BRDA:166,8,0,0
BRDA:183,9,0,0
BRDA:190,10,0,0
BRF:15
BRH:0
end_of_record
TN:
SF:src/services/user.service.ts
FN:9,(anonymous_2)
FN:11,(anonymous_3)
FN:24,(anonymous_4)
FN:34,(anonymous_5)
FN:46,(anonymous_6)
FN:58,(anonymous_7)
FN:70,(anonymous_8)
FN:74,(anonymous_9)
FN:80,(anonymous_10)
FN:84,(anonymous_11)
FNF:10
FNH:9
FNDA:12,(anonymous_2)
FNDA:2,(anonymous_3)
FNDA:2,(anonymous_4)
FNDA:2,(anonymous_5)
FNDA:0,(anonymous_6)
FNDA:2,(anonymous_7)
FNDA:1,(anonymous_8)
FNDA:1,(anonymous_9)
FNDA:1,(anonymous_10)
FNDA:2,(anonymous_11)
DA:1,1
DA:2,1
DA:6,1
DA:7,12
DA:9,12
DA:12,2
DA:14,2
DA:20,1
DA:21,1
DA:25,2
DA:27,2
DA:28,1
DA:31,1
DA:35,2
DA:42,2
DA:43,2
DA:47,0
DA:54,0
DA:55,0
DA:59,2
DA:61,2
DA:66,2
DA:67,2
DA:71,1
DA:75,1
DA:76,1
DA:77,1
DA:81,1
DA:85,2
DA:91,2
DA:92,1
LF:31
LH:28
BRDA:27,0,0,1
BRDA:42,1,0,0
BRDA:42,2,0,2
BRDA:42,2,1,1
BRDA:54,3,0,0
BRDA:54,4,0,0
BRDA:54,4,1,0
BRDA:91,5,0,1
BRDA:92,6,0,1
BRDA:92,6,1,0
BRF:10
BRH:5
end_of_record
